#
# There is insufficient memory for the Java Runtime Environment to continue.
# Native memory allocation (mmap) failed to map 20132659200 bytes for committing reserved memory.
# Possible reasons:
#   The system is out of physical RAM or swap space
# Possible solutions:
#   Reduce memory load on the system
#   Increase physical memory or swap space
#   Check if swap backing store is full
#   Decrease Java heap size (-Xmx/-Xms)
#   Decrease number of Java threads
#   Decrease Java thread stack sizes (-Xss)
#   Set larger code cache with -XX:ReservedCodeCacheSize=
# This output file may be truncated or incomplete.
#
#  Out of Memory Error (os_linux.cpp:2977), pid=25613, tid=25634
#
# JRE version: OpenJDK Runtime Environment (15.0.2+7) (build 15.0.2+7)
# Java VM: OpenJDK 64-Bit Server VM (15.0.2+7, mixed mode, tiered, g1 gc, linux-amd64)
# Core dump will be written. Default location: Core dumps may be processed with "/usr/lib/systemd/systemd-coredump %P %u %g %s %t %c %h" (or dumping to /home/james/IdeaProjects/hashcode-pizza/core.25613)
#

---------------  S U M M A R Y ------------

Command Line: -Xmx8096g -javaagent:/usr/share/idea/lib/idea_rt.jar=38047:/usr/share/idea/bin -Dfile.encoding=UTF-8 Controller

Host: Intel(R) Core(TM) i7-9750H CPU @ 2.60GHz, 12 cores, 15G, Arch Linux
Time: Wed Feb 24 16:26:37 2021 SAST elapsed time: 3.494759 seconds (0d 0h 0m 3s)

---------------  T H R E A D  ---------------

Current thread (0x00007fcf2c162980):  VMThread "VM Thread" [stack: 0x0000779be0261000,0x0000779be0361000] [id=25634]

Stack: [0x0000779be0261000,0x0000779be0361000],  sp=0x0000779be035ee20,  free space=1015k
Native frames: (J=compiled Java code, A=aot compiled Java code, j=interpreted, Vv=VM code, C=native code)
V  [libjvm.so+0xe152d4]
V  [libjvm.so+0xe15e0d]
V  [libjvm.so+0x583427]
V  [libjvm.so+0xb6ec64]
V  [libjvm.so+0xb675fe]
V  [libjvm.so+0x6a7a3e]
V  [libjvm.so+0x6b6e49]
V  [libjvm.so+0x74b43e]
V  [libjvm.so+0x74ca91]
V  [libjvm.so+0x74cf9e]
V  [libjvm.so+0x65d152]
V  [libjvm.so+0x661fde]
V  [libjvm.so+0x66210d]
V  [libjvm.so+0x6dd439]
V  [libjvm.so+0xe1686f]
V  [libjvm.so+0xe1bf05]
V  [libjvm.so+0xe1c43f]
V  [libjvm.so+0xe1c79b]
V  [libjvm.so+0xda8f50]
V  [libjvm.so+0xb731ca]

VM_Operation (0x00007fcf313a83b0): G1CollectForAllocation, mode: safepoint, requested by thread 0x00007fcf2c017540


---------------  P R O C E S S  ---------------

Threads class SMR info:
_java_thread_list=0x0000779b98234d00, length=12, elements={
0x00007fcf2c017540, 0x00007fcf2c176330, 0x00007fcf2c185d20, 0x00007fcf2c19cc00,
0x00007fcf2c19e310, 0x00007fcf2c19ff70, 0x00007fcf2c1a17a0, 0x00007fcf2c1a2e50,
0x00007fcf2c2676b0, 0x00007fcf2c337920, 0x00007fcf2c3393d0, 0x0000779bb4000e80
}

Java Threads: ( => current thread )
  0x00007fcf2c017540 JavaThread "main" [_thread_blocked, id=25615, stack(0x00007fcf312a9000,0x00007fcf313aa000)]
  0x00007fcf2c176330 JavaThread "Reference Handler" daemon [_thread_blocked, id=25635, stack(0x0000779be015e000,0x0000779be025f000)]
  0x00007fcf2c185d20 JavaThread "Finalizer" daemon [_thread_blocked, id=25636, stack(0x0000779be005d000,0x0000779be015e000)]
  0x00007fcf2c19cc00 JavaThread "Signal Dispatcher" daemon [_thread_blocked, id=25639, stack(0x0000779bcafcf000,0x0000779bcb0d0000)]
  0x00007fcf2c19e310 JavaThread "Service Thread" daemon [_thread_blocked, id=25640, stack(0x0000779bcaece000,0x0000779bcafcf000)]
  0x00007fcf2c19ff70 JavaThread "C2 CompilerThread0" daemon [_thread_blocked, id=25641, stack(0x0000779bcadcd000,0x0000779bcaece000)]
  0x00007fcf2c1a17a0 JavaThread "C1 CompilerThread0" daemon [_thread_blocked, id=25642, stack(0x0000779bcaccc000,0x0000779bcadcd000)]
  0x00007fcf2c1a2e50 JavaThread "Sweeper thread" daemon [_thread_blocked, id=25643, stack(0x0000779bcabcb000,0x0000779bcaccc000)]
  0x00007fcf2c2676b0 JavaThread "Common-Cleaner" daemon [_thread_blocked, id=25645, stack(0x0000779bcaaca000,0x0000779bcabcb000)]
  0x00007fcf2c337920 JavaThread "Monitor Ctrl-Break" daemon [_thread_in_native, id=25647, stack(0x0000779bca9c9000,0x0000779bcaaca000)]
  0x00007fcf2c3393d0 JavaThread "Notification Thread" daemon [_thread_blocked, id=25648, stack(0x0000779bca8c8000,0x0000779bca9c9000)]
  0x0000779bb4000e80 JavaThread "Attach Listener" daemon [_thread_blocked, id=25678, stack(0x0000779bca5c4000,0x0000779bca6c5000)]

Other Threads:
=>0x00007fcf2c162980 VMThread "VM Thread" [stack: 0x0000779be0261000,0x0000779be0361000] [id=25634]
  0x00007fcf2c33b460 WatcherThread [stack: 0x0000779bca7c8000,0x0000779bca8c8000] [id=25649]
  0x00007fcf2c06eea0 GCTaskThread "GC Thread#0" [stack: 0x00007fcf141b1000,0x00007fcf142b1000] [id=25622]
  0x0000779bc4001080 GCTaskThread "GC Thread#1" [stack: 0x0000779bca4c4000,0x0000779bca5c4000] [id=25658]
  0x0000779bc4001db0 GCTaskThread "GC Thread#2" [stack: 0x0000779bca3c2000,0x0000779bca4c2000] [id=25659]
  0x0000779bc4002b40 GCTaskThread "GC Thread#3" [stack: 0x0000779bca2c0000,0x0000779bca3c0000] [id=25660]
  0x0000779bc40038d0 GCTaskThread "GC Thread#4" [stack: 0x0000779bca1be000,0x0000779bca2be000] [id=25661]
  0x0000779bc4004660 GCTaskThread "GC Thread#5" [stack: 0x0000779bca0bc000,0x0000779bca1bc000] [id=25662]
  0x0000779bc404b940 GCTaskThread "GC Thread#6" [stack: 0x0000779bc9fba000,0x0000779bca0ba000] [id=25670]
  0x0000779bc404c150 GCTaskThread "GC Thread#7" [stack: 0x0000779bc9eb8000,0x0000779bc9fb8000] [id=25671]
  0x0000779bc4053790 GCTaskThread "GC Thread#8" [stack: 0x0000779bc9db6000,0x0000779bc9eb6000] [id=25676]
  0x0000779bc4053d90 GCTaskThread "GC Thread#9" [stack: 0x0000779bc9cb4000,0x0000779bc9db4000] [id=25677]
  0x00007fcf2c070800 ConcurrentGCThread "G1 Main Marker" [stack: 0x00007fcf140af000,0x00007fcf141af000] [id=25625]
  0x00007fcf2c071a90 ConcurrentGCThread "G1 Conc#0" [stack: 0x0000779be30f0000,0x0000779be31f0000] [id=25626]
  0x0000779bd4000e80 ConcurrentGCThread "G1 Conc#1" [stack: 0x0000779bc99b0000,0x0000779bc9ab0000] [id=25697]
  0x0000779bd4001740 ConcurrentGCThread "G1 Conc#2" [stack: 0x0000779bc98ae000,0x0000779bc99ae000] [id=25698]
  0x00007fcf2c0af110 ConcurrentGCThread "G1 Refine#0" [stack: 0x0000779be05e4000,0x0000779be06e4000] [id=25627]
  0x00007fcf2c0b0320 ConcurrentGCThread "G1 Young RemSet Sampling" [stack: 0x0000779be04e2000,0x0000779be05e2000] [id=25628]

Threads with active compile tasks:

VM state: at safepoint (normal execution)

VM Mutex/Monitor currently owned by a thread:  ([mutex/lock_event])
[0x00007fcf2c0139a0] Threads_lock - owner thread: 0x00007fcf2c162980
[0x00007fcf2c0141e0] Heap_lock - owner thread: 0x00007fcf2c017540

GC Precious Log:
 CPUs: 12 total, 12 available
 Memory: 15861M
 Large Page Support: Disabled
 NUMA Support: Disabled
 Compressed Oops: Disabled
 Heap Region Size: 32M
 Heap Min Capacity: 32M
 Heap Initial Capacity: 256M
 Heap Max Capacity: 8096G
 Pre-touch: Disabled
 Parallel Workers: 10
 Concurrent Workers: 3
 Concurrent Refinement Workers: 10
 Periodic GC: Disabled

Heap:
 garbage-first heap   total 29491200K, used 3762925K [0x000077e714000000, 0x00007fcf14000000)
  region size 32768K, 2 young (65536K), 2 survivors (65536K)
 Metaspace       used 9080K, capacity 9230K, committed 9600K, reserved 1058816K
  class space    used 755K, capacity 790K, committed 896K, reserved 1048576K

Heap Regions: E=young(eden), S=young(survivor), O=old, HS=humongous(starts), HC=humongous(continues), CS=collection set, F=free, OA=open archive, CA=closed archive, TAMS=top-at-mark-start (previous, next)
|   0|0x000077e714000000, 0x000077e716000000, 0x000077e716000000|100%| O|  |TAMS 0x000077e716000000, 0x000077e714000000| Untracked 
|   1|0x000077e716000000, 0x000077e718000000, 0x000077e718000000|100%| O|  |TAMS 0x000077e718000000, 0x000077e716000000| Untracked 
|   2|0x000077e718000000, 0x000077e71a000000, 0x000077e71a000000|100%| O|  |TAMS 0x000077e71a000000, 0x000077e718000000| Untracked 
|   3|0x000077e71a000000, 0x000077e71c000000, 0x000077e71c000000|100%| O|  |TAMS 0x000077e71c000000, 0x000077e71a000000| Untracked 
|   4|0x000077e71c000000, 0x000077e71e000000, 0x000077e71e000000|100%| O|  |TAMS 0x000077e71e000000, 0x000077e71c000000| Untracked 
|   5|0x000077e71e000000, 0x000077e720000000, 0x000077e720000000|100%| O|  |TAMS 0x000077e720000000, 0x000077e71e000000| Untracked 
|   6|0x000077e720000000, 0x000077e722000000, 0x000077e722000000|100%| O|  |TAMS 0x000077e722000000, 0x000077e720000000| Untracked 
|   7|0x000077e722000000, 0x000077e724000000, 0x000077e724000000|100%| O|  |TAMS 0x000077e724000000, 0x000077e722000000| Untracked 
|   8|0x000077e724000000, 0x000077e726000000, 0x000077e726000000|100%| O|  |TAMS 0x000077e726000000, 0x000077e724000000| Untracked 
|   9|0x000077e726000000, 0x000077e728000000, 0x000077e728000000|100%| O|  |TAMS 0x000077e728000000, 0x000077e726000000| Untracked 
|  10|0x000077e728000000, 0x000077e72a000000, 0x000077e72a000000|100%| O|  |TAMS 0x000077e72a000000, 0x000077e728000000| Untracked 
|  11|0x000077e72a000000, 0x000077e72c000000, 0x000077e72c000000|100%| O|  |TAMS 0x000077e72c000000, 0x000077e72a000000| Untracked 
|  12|0x000077e72c000000, 0x000077e72e000000, 0x000077e72e000000|100%| O|  |TAMS 0x000077e72e000000, 0x000077e72c000000| Untracked 
|  13|0x000077e72e000000, 0x000077e730000000, 0x000077e730000000|100%| O|  |TAMS 0x000077e730000000, 0x000077e72e000000| Untracked 
|  14|0x000077e730000000, 0x000077e732000000, 0x000077e732000000|100%| O|  |TAMS 0x000077e732000000, 0x000077e730000000| Untracked 
|  15|0x000077e732000000, 0x000077e734000000, 0x000077e734000000|100%| O|  |TAMS 0x000077e734000000, 0x000077e732000000| Untracked 
|  16|0x000077e734000000, 0x000077e736000000, 0x000077e736000000|100%| O|  |TAMS 0x000077e736000000, 0x000077e734000000| Untracked 
|  17|0x000077e736000000, 0x000077e738000000, 0x000077e738000000|100%| O|  |TAMS 0x000077e738000000, 0x000077e736000000| Untracked 
|  18|0x000077e738000000, 0x000077e73a000000, 0x000077e73a000000|100%| O|  |TAMS 0x000077e73a000000, 0x000077e738000000| Untracked 
|  19|0x000077e73a000000, 0x000077e73c000000, 0x000077e73c000000|100%| O|  |TAMS 0x000077e73a000000, 0x000077e73a000000| Untracked 
|  20|0x000077e73c000000, 0x000077e73e000000, 0x000077e73e000000|100%| O|  |TAMS 0x000077e73e000000, 0x000077e73c000000| Untracked 
|  21|0x000077e73e000000, 0x000077e740000000, 0x000077e740000000|100%| O|  |TAMS 0x000077e740000000, 0x000077e73e000000| Untracked 
|  22|0x000077e740000000, 0x000077e742000000, 0x000077e742000000|100%| O|  |TAMS 0x000077e742000000, 0x000077e740000000| Untracked 
|  23|0x000077e742000000, 0x000077e744000000, 0x000077e744000000|100%| O|  |TAMS 0x000077e744000000, 0x000077e742000000| Untracked 
|  24|0x000077e744000000, 0x000077e746000000, 0x000077e746000000|100%| O|  |TAMS 0x000077e746000000, 0x000077e744000000| Untracked 
|  25|0x000077e746000000, 0x000077e748000000, 0x000077e748000000|100%| O|  |TAMS 0x000077e748000000, 0x000077e746000000| Untracked 
|  26|0x000077e748000000, 0x000077e74a000000, 0x000077e74a000000|100%| O|  |TAMS 0x000077e74a000000, 0x000077e748000000| Untracked 
|  27|0x000077e74a000000, 0x000077e74c000000, 0x000077e74c000000|100%| O|  |TAMS 0x000077e74c000000, 0x000077e74a000000| Untracked 
|  28|0x000077e74c000000, 0x000077e74e000000, 0x000077e74e000000|100%| O|  |TAMS 0x000077e74e000000, 0x000077e74c000000| Untracked 
|  29|0x000077e74e000000, 0x000077e750000000, 0x000077e750000000|100%| O|  |TAMS 0x000077e750000000, 0x000077e74e000000| Untracked 
|  30|0x000077e750000000, 0x000077e752000000, 0x000077e752000000|100%| O|  |TAMS 0x000077e752000000, 0x000077e750000000| Untracked 
|  31|0x000077e752000000, 0x000077e754000000, 0x000077e754000000|100%| O|  |TAMS 0x000077e754000000, 0x000077e752000000| Untracked 
|  32|0x000077e754000000, 0x000077e756000000, 0x000077e756000000|100%| O|  |TAMS 0x000077e756000000, 0x000077e754000000| Untracked 
|  33|0x000077e756000000, 0x000077e758000000, 0x000077e758000000|100%| O|  |TAMS 0x000077e758000000, 0x000077e756000000| Untracked 
|  34|0x000077e758000000, 0x000077e75a000000, 0x000077e75a000000|100%| O|  |TAMS 0x000077e75a000000, 0x000077e758000000| Untracked 
|  35|0x000077e75a000000, 0x000077e75c000000, 0x000077e75c000000|100%| O|  |TAMS 0x000077e75bc42400, 0x000077e75a000000| Untracked 
|  36|0x000077e75c000000, 0x000077e75e000000, 0x000077e75e000000|100%| O|  |TAMS 0x000077e75c000000, 0x000077e75c000000| Untracked 
|  37|0x000077e75e000000, 0x000077e760000000, 0x000077e760000000|100%| O|  |TAMS 0x000077e75e000000, 0x000077e75e000000| Untracked 
|  38|0x000077e760000000, 0x000077e762000000, 0x000077e762000000|100%| O|  |TAMS 0x000077e760000000, 0x000077e760000000| Untracked 
|  39|0x000077e762000000, 0x000077e764000000, 0x000077e764000000|100%| O|  |TAMS 0x000077e762000000, 0x000077e762000000| Untracked 
|  40|0x000077e764000000, 0x000077e766000000, 0x000077e766000000|100%| O|  |TAMS 0x000077e764000000, 0x000077e764000000| Untracked 
|  41|0x000077e766000000, 0x000077e768000000, 0x000077e768000000|100%| O|  |TAMS 0x000077e766000000, 0x000077e766000000| Untracked 
|  42|0x000077e768000000, 0x000077e76a000000, 0x000077e76a000000|100%| O|  |TAMS 0x000077e768000000, 0x000077e768000000| Untracked 
|  43|0x000077e76a000000, 0x000077e76c000000, 0x000077e76c000000|100%| O|  |TAMS 0x000077e76a000000, 0x000077e76a000000| Untracked 
|  44|0x000077e76c000000, 0x000077e76e000000, 0x000077e76e000000|100%| O|  |TAMS 0x000077e76c000000, 0x000077e76c000000| Untracked 
|  45|0x000077e76e000000, 0x000077e770000000, 0x000077e770000000|100%| O|  |TAMS 0x000077e76e000000, 0x000077e76e000000| Untracked 
|  46|0x000077e770000000, 0x000077e772000000, 0x000077e772000000|100%| O|  |TAMS 0x000077e770000000, 0x000077e770000000| Untracked 
|  47|0x000077e772000000, 0x000077e774000000, 0x000077e774000000|100%| O|  |TAMS 0x000077e772000000, 0x000077e772000000| Untracked 
|  48|0x000077e774000000, 0x000077e776000000, 0x000077e776000000|100%| O|  |TAMS 0x000077e774000000, 0x000077e774000000| Untracked 
|  49|0x000077e776000000, 0x000077e778000000, 0x000077e778000000|100%| O|  |TAMS 0x000077e776000000, 0x000077e776000000| Untracked 
|  50|0x000077e778000000, 0x000077e77a000000, 0x000077e77a000000|100%| O|  |TAMS 0x000077e778000000, 0x000077e778000000| Untracked 
|  51|0x000077e77a000000, 0x000077e77c000000, 0x000077e77c000000|100%| O|  |TAMS 0x000077e77a000000, 0x000077e77a000000| Untracked 
|  52|0x000077e77c000000, 0x000077e77e000000, 0x000077e77e000000|100%| O|  |TAMS 0x000077e77c000000, 0x000077e77c000000| Untracked 
|  53|0x000077e77e000000, 0x000077e780000000, 0x000077e780000000|100%| O|  |TAMS 0x000077e77e000000, 0x000077e77e000000| Untracked 
|  54|0x000077e780000000, 0x000077e782000000, 0x000077e782000000|100%| O|  |TAMS 0x000077e780000000, 0x000077e780000000| Untracked 
|  55|0x000077e782000000, 0x000077e784000000, 0x000077e784000000|100%| O|  |TAMS 0x000077e782000000, 0x000077e782000000| Untracked 
|  56|0x000077e784000000, 0x000077e786000000, 0x000077e786000000|100%| O|  |TAMS 0x000077e784000000, 0x000077e784000000| Untracked 
|  57|0x000077e786000000, 0x000077e788000000, 0x000077e788000000|100%| O|  |TAMS 0x000077e786000000, 0x000077e786000000| Untracked 
|  58|0x000077e788000000, 0x000077e78a000000, 0x000077e78a000000|100%| O|  |TAMS 0x000077e788000000, 0x000077e788000000| Untracked 
|  59|0x000077e78a000000, 0x000077e78c000000, 0x000077e78c000000|100%| O|  |TAMS 0x000077e78a000000, 0x000077e78a000000| Untracked 
|  60|0x000077e78c000000, 0x000077e78e000000, 0x000077e78e000000|100%| O|  |TAMS 0x000077e78c000000, 0x000077e78c000000| Untracked 
|  61|0x000077e78e000000, 0x000077e790000000, 0x000077e790000000|100%| O|  |TAMS 0x000077e78e000000, 0x000077e78e000000| Untracked 
|  62|0x000077e790000000, 0x000077e792000000, 0x000077e792000000|100%| O|  |TAMS 0x000077e790000000, 0x000077e790000000| Untracked 
|  63|0x000077e792000000, 0x000077e794000000, 0x000077e794000000|100%| O|  |TAMS 0x000077e792000000, 0x000077e792000000| Untracked 
|  64|0x000077e794000000, 0x000077e796000000, 0x000077e796000000|100%| O|  |TAMS 0x000077e794000000, 0x000077e794000000| Untracked 
|  65|0x000077e796000000, 0x000077e798000000, 0x000077e798000000|100%| O|  |TAMS 0x000077e796000000, 0x000077e796000000| Untracked 
|  66|0x000077e798000000, 0x000077e79a000000, 0x000077e79a000000|100%| O|  |TAMS 0x000077e798000000, 0x000077e798000000| Untracked 
|  67|0x000077e79a000000, 0x000077e79c000000, 0x000077e79c000000|100%| O|  |TAMS 0x000077e79a000000, 0x000077e79a000000| Untracked 
|  68|0x000077e79c000000, 0x000077e79e000000, 0x000077e79e000000|100%| O|  |TAMS 0x000077e79c000000, 0x000077e79c000000| Untracked 
|  69|0x000077e79e000000, 0x000077e7a0000000, 0x000077e7a0000000|100%| O|  |TAMS 0x000077e79e000000, 0x000077e79e000000| Untracked 
|  70|0x000077e7a0000000, 0x000077e7a2000000, 0x000077e7a2000000|100%| O|  |TAMS 0x000077e7a0000000, 0x000077e7a0000000| Untracked 
|  71|0x000077e7a2000000, 0x000077e7a4000000, 0x000077e7a4000000|100%| O|  |TAMS 0x000077e7a2000000, 0x000077e7a2000000| Untracked 
|  72|0x000077e7a4000000, 0x000077e7a6000000, 0x000077e7a6000000|100%| O|  |TAMS 0x000077e7a4000000, 0x000077e7a4000000| Untracked 
|  73|0x000077e7a6000000, 0x000077e7a8000000, 0x000077e7a8000000|100%| O|  |TAMS 0x000077e7a6000000, 0x000077e7a6000000| Untracked 
|  74|0x000077e7a8000000, 0x000077e7aa000000, 0x000077e7aa000000|100%| O|  |TAMS 0x000077e7a8000000, 0x000077e7a8000000| Untracked 
|  75|0x000077e7aa000000, 0x000077e7ac000000, 0x000077e7ac000000|100%| O|  |TAMS 0x000077e7aa000000, 0x000077e7aa000000| Untracked 
|  76|0x000077e7ac000000, 0x000077e7ae000000, 0x000077e7ae000000|100%| O|  |TAMS 0x000077e7ac000000, 0x000077e7ac000000| Untracked 
|  77|0x000077e7ae000000, 0x000077e7b0000000, 0x000077e7b0000000|100%| O|  |TAMS 0x000077e7ae000000, 0x000077e7ae000000| Untracked 
|  78|0x000077e7b0000000, 0x000077e7b2000000, 0x000077e7b2000000|100%| O|  |TAMS 0x000077e7b0000000, 0x000077e7b0000000| Untracked 
|  79|0x000077e7b2000000, 0x000077e7b4000000, 0x000077e7b4000000|100%| O|  |TAMS 0x000077e7b2000000, 0x000077e7b2000000| Untracked 
|  80|0x000077e7b4000000, 0x000077e7b6000000, 0x000077e7b6000000|100%| O|  |TAMS 0x000077e7b4000000, 0x000077e7b4000000| Untracked 
|  81|0x000077e7b6000000, 0x000077e7b8000000, 0x000077e7b8000000|100%| O|  |TAMS 0x000077e7b6000000, 0x000077e7b6000000| Untracked 
|  82|0x000077e7b8000000, 0x000077e7ba000000, 0x000077e7ba000000|100%| O|  |TAMS 0x000077e7b8000000, 0x000077e7b8000000| Untracked 
|  83|0x000077e7ba000000, 0x000077e7bc000000, 0x000077e7bc000000|100%| O|  |TAMS 0x000077e7ba000000, 0x000077e7ba000000| Untracked 
|  84|0x000077e7bc000000, 0x000077e7be000000, 0x000077e7be000000|100%| O|  |TAMS 0x000077e7bc000000, 0x000077e7bc000000| Untracked 
|  85|0x000077e7be000000, 0x000077e7c0000000, 0x000077e7c0000000|100%| O|  |TAMS 0x000077e7be000000, 0x000077e7be000000| Untracked 
|  86|0x000077e7c0000000, 0x000077e7c2000000, 0x000077e7c2000000|100%| O|  |TAMS 0x000077e7c0000000, 0x000077e7c0000000| Untracked 
|  87|0x000077e7c2000000, 0x000077e7c4000000, 0x000077e7c4000000|100%| O|  |TAMS 0x000077e7c2000000, 0x000077e7c2000000| Untracked 
|  88|0x000077e7c4000000, 0x000077e7c6000000, 0x000077e7c6000000|100%| O|  |TAMS 0x000077e7c4000000, 0x000077e7c4000000| Untracked 
|  89|0x000077e7c6000000, 0x000077e7c8000000, 0x000077e7c8000000|100%| O|  |TAMS 0x000077e7c6000000, 0x000077e7c6000000| Untracked 
|  90|0x000077e7c8000000, 0x000077e7ca000000, 0x000077e7ca000000|100%| O|  |TAMS 0x000077e7c8000000, 0x000077e7c8000000| Untracked 
|  91|0x000077e7ca000000, 0x000077e7cc000000, 0x000077e7cc000000|100%| O|  |TAMS 0x000077e7ca000000, 0x000077e7ca000000| Untracked 
|  92|0x000077e7cc000000, 0x000077e7ce000000, 0x000077e7ce000000|100%| O|  |TAMS 0x000077e7cc000000, 0x000077e7cc000000| Untracked 
|  93|0x000077e7ce000000, 0x000077e7d0000000, 0x000077e7d0000000|100%| O|  |TAMS 0x000077e7ce000000, 0x000077e7ce000000| Untracked 
|  94|0x000077e7d0000000, 0x000077e7d2000000, 0x000077e7d2000000|100%| O|  |TAMS 0x000077e7d0000000, 0x000077e7d0000000| Untracked 
|  95|0x000077e7d2000000, 0x000077e7d4000000, 0x000077e7d4000000|100%| O|  |TAMS 0x000077e7d2000000, 0x000077e7d2000000| Untracked 
|  96|0x000077e7d4000000, 0x000077e7d6000000, 0x000077e7d6000000|100%| O|  |TAMS 0x000077e7d4000000, 0x000077e7d4000000| Untracked 
|  97|0x000077e7d6000000, 0x000077e7d8000000, 0x000077e7d8000000|100%| O|  |TAMS 0x000077e7d6000000, 0x000077e7d6000000| Untracked 
|  98|0x000077e7d8000000, 0x000077e7da000000, 0x000077e7da000000|100%| O|  |TAMS 0x000077e7d8000000, 0x000077e7d8000000| Untracked 
|  99|0x000077e7da000000, 0x000077e7dc000000, 0x000077e7dc000000|100%| O|  |TAMS 0x000077e7da000000, 0x000077e7da000000| Untracked 
| 100|0x000077e7dc000000, 0x000077e7de000000, 0x000077e7de000000|100%| O|  |TAMS 0x000077e7dc000000, 0x000077e7dc000000| Untracked 
| 101|0x000077e7de000000, 0x000077e7e0000000, 0x000077e7e0000000|100%| O|  |TAMS 0x000077e7de000000, 0x000077e7de000000| Untracked 
| 102|0x000077e7e0000000, 0x000077e7e2000000, 0x000077e7e2000000|100%| O|  |TAMS 0x000077e7e0000000, 0x000077e7e0000000| Untracked 
| 103|0x000077e7e2000000, 0x000077e7e4000000, 0x000077e7e4000000|100%| O|  |TAMS 0x000077e7e2000000, 0x000077e7e2000000| Untracked 
| 104|0x000077e7e4000000, 0x000077e7e6000000, 0x000077e7e6000000|100%| O|  |TAMS 0x000077e7e4000000, 0x000077e7e4000000| Untracked 
| 105|0x000077e7e6000000, 0x000077e7e8000000, 0x000077e7e8000000|100%| O|  |TAMS 0x000077e7e6000000, 0x000077e7e6000000| Untracked 
| 106|0x000077e7e8000000, 0x000077e7ea000000, 0x000077e7ea000000|100%| O|  |TAMS 0x000077e7e8000000, 0x000077e7e8000000| Untracked 
| 107|0x000077e7ea000000, 0x000077e7ec000000, 0x000077e7ec000000|100%| O|  |TAMS 0x000077e7ea000000, 0x000077e7ea000000| Untracked 
| 108|0x000077e7ec000000, 0x000077e7ee000000, 0x000077e7ee000000|100%| O|  |TAMS 0x000077e7ec000000, 0x000077e7ec000000| Untracked 
| 109|0x000077e7ee000000, 0x000077e7f0000000, 0x000077e7f0000000|100%| O|  |TAMS 0x000077e7ee000000, 0x000077e7ee000000| Untracked 
| 110|0x000077e7f0000000, 0x000077e7f1abb400, 0x000077e7f2000000| 83%| O|  |TAMS 0x000077e7f0000000, 0x000077e7f0000000| Untracked 
| 111|0x000077e7f2000000, 0x000077e7f2000000, 0x000077e7f4000000|  0%| F|  |TAMS 0x000077e7f2000000, 0x000077e7f2000000| Untracked 
| 112|0x000077e7f4000000, 0x000077e7f4000000, 0x000077e7f6000000|  0%| F|  |TAMS 0x000077e7f4000000, 0x000077e7f4000000| Untracked 
| 113|0x000077e7f6000000, 0x000077e7f6000000, 0x000077e7f8000000|  0%| F|  |TAMS 0x000077e7f6000000, 0x000077e7f6000000| Untracked 
| 114|0x000077e7f8000000, 0x000077e7f8000000, 0x000077e7fa000000|  0%| F|  |TAMS 0x000077e7f8000000, 0x000077e7f8000000| Untracked 
| 115|0x000077e7fa000000, 0x000077e7fa000000, 0x000077e7fc000000|  0%| F|  |TAMS 0x000077e7fa000000, 0x000077e7fa000000| Untracked 
| 116|0x000077e7fc000000, 0x000077e7fc000000, 0x000077e7fe000000|  0%| F|  |TAMS 0x000077e7fc000000, 0x000077e7fc000000| Untracked 
| 117|0x000077e7fe000000, 0x000077e7fe000000, 0x000077e800000000|  0%| F|  |TAMS 0x000077e7fe000000, 0x000077e7fe000000| Untracked 
| 118|0x000077e800000000, 0x000077e800000000, 0x000077e802000000|  0%| F|  |TAMS 0x000077e800000000, 0x000077e800000000| Untracked 
| 119|0x000077e802000000, 0x000077e802000000, 0x000077e804000000|  0%| F|  |TAMS 0x000077e802000000, 0x000077e802000000| Untracked 
| 120|0x000077e804000000, 0x000077e804000000, 0x000077e806000000|  0%| F|  |TAMS 0x000077e804000000, 0x000077e804000000| Untracked 
| 121|0x000077e806000000, 0x000077e806000000, 0x000077e808000000|  0%| F|  |TAMS 0x000077e806000000, 0x000077e806000000| Untracked 
| 122|0x000077e808000000, 0x000077e808000000, 0x000077e80a000000|  0%| F|  |TAMS 0x000077e808000000, 0x000077e808000000| Untracked 
| 123|0x000077e80a000000, 0x000077e80a000000, 0x000077e80c000000|  0%| F|  |TAMS 0x000077e80a000000, 0x000077e80a000000| Untracked 
| 124|0x000077e80c000000, 0x000077e80c000000, 0x000077e80e000000|  0%| F|  |TAMS 0x000077e80c000000, 0x000077e80c000000| Untracked 
| 125|0x000077e80e000000, 0x000077e80e000000, 0x000077e810000000|  0%| F|  |TAMS 0x000077e80e000000, 0x000077e80e000000| Untracked 
| 126|0x000077e810000000, 0x000077e810000000, 0x000077e812000000|  0%| F|  |TAMS 0x000077e810000000, 0x000077e810000000| Untracked 
| 127|0x000077e812000000, 0x000077e812000000, 0x000077e814000000|  0%| F|  |TAMS 0x000077e812000000, 0x000077e812000000| Untracked 
| 128|0x000077e814000000, 0x000077e814000000, 0x000077e816000000|  0%| F|  |TAMS 0x000077e814000000, 0x000077e814000000| Untracked 
| 129|0x000077e816000000, 0x000077e816000000, 0x000077e818000000|  0%| F|  |TAMS 0x000077e816000000, 0x000077e816000000| Untracked 
| 130|0x000077e818000000, 0x000077e818000000, 0x000077e81a000000|  0%| F|  |TAMS 0x000077e818000000, 0x000077e818000000| Untracked 
| 131|0x000077e81a000000, 0x000077e81a000000, 0x000077e81c000000|  0%| F|  |TAMS 0x000077e81a000000, 0x000077e81a000000| Untracked 
| 132|0x000077e81c000000, 0x000077e81c000000, 0x000077e81e000000|  0%| F|  |TAMS 0x000077e81c000000, 0x000077e81c000000| Untracked 
| 133|0x000077e81e000000, 0x000077e81e000000, 0x000077e820000000|  0%| F|  |TAMS 0x000077e81e000000, 0x000077e81e000000| Untracked 
| 134|0x000077e820000000, 0x000077e820000000, 0x000077e822000000|  0%| F|  |TAMS 0x000077e820000000, 0x000077e820000000| Untracked 
| 135|0x000077e822000000, 0x000077e822000000, 0x000077e824000000|  0%| F|  |TAMS 0x000077e822000000, 0x000077e822000000| Untracked 
| 136|0x000077e824000000, 0x000077e824000000, 0x000077e826000000|  0%| F|  |TAMS 0x000077e824000000, 0x000077e824000000| Untracked 
| 137|0x000077e826000000, 0x000077e826000000, 0x000077e828000000|  0%| F|  |TAMS 0x000077e826000000, 0x000077e826000000| Untracked 
| 138|0x000077e828000000, 0x000077e828000000, 0x000077e82a000000|  0%| F|  |TAMS 0x000077e828000000, 0x000077e828000000| Untracked 
| 139|0x000077e82a000000, 0x000077e82a000000, 0x000077e82c000000|  0%| F|  |TAMS 0x000077e82a000000, 0x000077e82a000000| Untracked 
| 140|0x000077e82c000000, 0x000077e82c000000, 0x000077e82e000000|  0%| F|  |TAMS 0x000077e82c000000, 0x000077e82c000000| Untracked 
| 141|0x000077e82e000000, 0x000077e82e000000, 0x000077e830000000|  0%| F|  |TAMS 0x000077e82e000000, 0x000077e82e000000| Untracked 
| 142|0x000077e830000000, 0x000077e830000000, 0x000077e832000000|  0%| F|  |TAMS 0x000077e830000000, 0x000077e830000000| Untracked 
| 143|0x000077e832000000, 0x000077e832000000, 0x000077e834000000|  0%| F|  |TAMS 0x000077e832000000, 0x000077e832000000| Untracked 
| 144|0x000077e834000000, 0x000077e834000000, 0x000077e836000000|  0%| F|  |TAMS 0x000077e834000000, 0x000077e834000000| Untracked 
| 145|0x000077e836000000, 0x000077e836000000, 0x000077e838000000|  0%| F|  |TAMS 0x000077e836000000, 0x000077e836000000| Untracked 
| 146|0x000077e838000000, 0x000077e838000000, 0x000077e83a000000|  0%| F|  |TAMS 0x000077e838000000, 0x000077e838000000| Untracked 
| 147|0x000077e83a000000, 0x000077e83a000000, 0x000077e83c000000|  0%| F|  |TAMS 0x000077e83a000000, 0x000077e83a000000| Untracked 
| 148|0x000077e83c000000, 0x000077e83c000000, 0x000077e83e000000|  0%| F|  |TAMS 0x000077e83c000000, 0x000077e83c000000| Untracked 
| 149|0x000077e83e000000, 0x000077e83e000000, 0x000077e840000000|  0%| F|  |TAMS 0x000077e83e000000, 0x000077e83e000000| Untracked 
| 150|0x000077e840000000, 0x000077e840000000, 0x000077e842000000|  0%| F|  |TAMS 0x000077e840000000, 0x000077e840000000| Untracked 
| 151|0x000077e842000000, 0x000077e842000000, 0x000077e844000000|  0%| F|  |TAMS 0x000077e842000000, 0x000077e842000000| Untracked 
| 152|0x000077e844000000, 0x000077e844000000, 0x000077e846000000|  0%| F|  |TAMS 0x000077e844000000, 0x000077e844000000| Untracked 
| 153|0x000077e846000000, 0x000077e846000000, 0x000077e848000000|  0%| F|  |TAMS 0x000077e846000000, 0x000077e846000000| Untracked 
| 154|0x000077e848000000, 0x000077e848000000, 0x000077e84a000000|  0%| F|  |TAMS 0x000077e848000000, 0x000077e848000000| Untracked 
| 155|0x000077e84a000000, 0x000077e84a000000, 0x000077e84c000000|  0%| F|  |TAMS 0x000077e84a000000, 0x000077e84a000000| Untracked 
| 156|0x000077e84c000000, 0x000077e84c000000, 0x000077e84e000000|  0%| F|  |TAMS 0x000077e84c000000, 0x000077e84c000000| Untracked 
| 157|0x000077e84e000000, 0x000077e84e000000, 0x000077e850000000|  0%| F|  |TAMS 0x000077e84e000000, 0x000077e84e000000| Untracked 
| 158|0x000077e850000000, 0x000077e850000000, 0x000077e852000000|  0%| F|  |TAMS 0x000077e850000000, 0x000077e850000000| Untracked 
| 159|0x000077e852000000, 0x000077e852000000, 0x000077e854000000|  0%| F|  |TAMS 0x000077e852000000, 0x000077e852000000| Untracked 
| 160|0x000077e854000000, 0x000077e854000000, 0x000077e856000000|  0%| F|  |TAMS 0x000077e854000000, 0x000077e854000000| Untracked 
| 161|0x000077e856000000, 0x000077e856000000, 0x000077e858000000|  0%| F|  |TAMS 0x000077e856000000, 0x000077e856000000| Untracked 
| 162|0x000077e858000000, 0x000077e858000000, 0x000077e85a000000|  0%| F|  |TAMS 0x000077e858000000, 0x000077e858000000| Untracked 
| 163|0x000077e85a000000, 0x000077e85a000000, 0x000077e85c000000|  0%| F|  |TAMS 0x000077e85a000000, 0x000077e85a000000| Untracked 
| 164|0x000077e85c000000, 0x000077e85c000000, 0x000077e85e000000|  0%| F|  |TAMS 0x000077e85c000000, 0x000077e85c000000| Untracked 
| 165|0x000077e85e000000, 0x000077e85e000000, 0x000077e860000000|  0%| F|  |TAMS 0x000077e85e000000, 0x000077e85e000000| Untracked 
| 166|0x000077e860000000, 0x000077e860000000, 0x000077e862000000|  0%| F|  |TAMS 0x000077e860000000, 0x000077e860000000| Untracked 
| 167|0x000077e862000000, 0x000077e862000000, 0x000077e864000000|  0%| F|  |TAMS 0x000077e862000000, 0x000077e862000000| Untracked 
| 168|0x000077e864000000, 0x000077e864000000, 0x000077e866000000|  0%| F|  |TAMS 0x000077e864000000, 0x000077e864000000| Untracked 
| 169|0x000077e866000000, 0x000077e866000000, 0x000077e868000000|  0%| F|  |TAMS 0x000077e866000000, 0x000077e866000000| Untracked 
| 170|0x000077e868000000, 0x000077e868000000, 0x000077e86a000000|  0%| F|  |TAMS 0x000077e868000000, 0x000077e868000000| Untracked 
| 171|0x000077e86a000000, 0x000077e86a000000, 0x000077e86c000000|  0%| F|  |TAMS 0x000077e86a000000, 0x000077e86a000000| Untracked 
| 172|0x000077e86c000000, 0x000077e86c000000, 0x000077e86e000000|  0%| F|  |TAMS 0x000077e86c000000, 0x000077e86c000000| Untracked 
| 173|0x000077e86e000000, 0x000077e86e000000, 0x000077e870000000|  0%| F|  |TAMS 0x000077e86e000000, 0x000077e86e000000| Untracked 
| 174|0x000077e870000000, 0x000077e870000000, 0x000077e872000000|  0%| F|  |TAMS 0x000077e870000000, 0x000077e870000000| Untracked 
| 175|0x000077e872000000, 0x000077e872000000, 0x000077e874000000|  0%| F|  |TAMS 0x000077e872000000, 0x000077e872000000| Untracked 
| 176|0x000077e874000000, 0x000077e874000000, 0x000077e876000000|  0%| F|  |TAMS 0x000077e874000000, 0x000077e874000000| Untracked 
| 177|0x000077e876000000, 0x000077e876000000, 0x000077e878000000|  0%| F|  |TAMS 0x000077e876000000, 0x000077e876000000| Untracked 
| 178|0x000077e878000000, 0x000077e878000000, 0x000077e87a000000|  0%| F|  |TAMS 0x000077e878000000, 0x000077e878000000| Untracked 
| 179|0x000077e87a000000, 0x000077e87a000000, 0x000077e87c000000|  0%| F|  |TAMS 0x000077e87a000000, 0x000077e87a000000| Untracked 
| 180|0x000077e87c000000, 0x000077e87c000000, 0x000077e87e000000|  0%| F|  |TAMS 0x000077e87c000000, 0x000077e87c000000| Untracked 
| 181|0x000077e87e000000, 0x000077e87e000000, 0x000077e880000000|  0%| F|  |TAMS 0x000077e87e000000, 0x000077e87e000000| Untracked 
| 182|0x000077e880000000, 0x000077e880000000, 0x000077e882000000|  0%| F|  |TAMS 0x000077e880000000, 0x000077e880000000| Untracked 
| 183|0x000077e882000000, 0x000077e882000000, 0x000077e884000000|  0%| F|  |TAMS 0x000077e882000000, 0x000077e882000000| Untracked 
| 184|0x000077e884000000, 0x000077e884000000, 0x000077e886000000|  0%| F|  |TAMS 0x000077e884000000, 0x000077e884000000| Untracked 
| 185|0x000077e886000000, 0x000077e886000000, 0x000077e888000000|  0%| F|  |TAMS 0x000077e886000000, 0x000077e886000000| Untracked 
| 186|0x000077e888000000, 0x000077e888000000, 0x000077e88a000000|  0%| F|  |TAMS 0x000077e888000000, 0x000077e888000000| Untracked 
| 187|0x000077e88a000000, 0x000077e88a000000, 0x000077e88c000000|  0%| F|  |TAMS 0x000077e88a000000, 0x000077e88a000000| Untracked 
| 188|0x000077e88c000000, 0x000077e88c000000, 0x000077e88e000000|  0%| F|  |TAMS 0x000077e88c000000, 0x000077e88c000000| Untracked 
| 189|0x000077e88e000000, 0x000077e88e000000, 0x000077e890000000|  0%| F|  |TAMS 0x000077e88e000000, 0x000077e88e000000| Untracked 
| 190|0x000077e890000000, 0x000077e890000000, 0x000077e892000000|  0%| F|  |TAMS 0x000077e890000000, 0x000077e890000000| Untracked 
| 191|0x000077e892000000, 0x000077e892000000, 0x000077e894000000|  0%| F|  |TAMS 0x000077e892000000, 0x000077e892000000| Untracked 
| 192|0x000077e894000000, 0x000077e894000000, 0x000077e896000000|  0%| F|  |TAMS 0x000077e894000000, 0x000077e894000000| Untracked 
| 193|0x000077e896000000, 0x000077e896000000, 0x000077e898000000|  0%| F|  |TAMS 0x000077e896000000, 0x000077e896000000| Untracked 
| 194|0x000077e898000000, 0x000077e898000000, 0x000077e89a000000|  0%| F|  |TAMS 0x000077e898000000, 0x000077e898000000| Untracked 
| 195|0x000077e89a000000, 0x000077e89a000000, 0x000077e89c000000|  0%| F|  |TAMS 0x000077e89a000000, 0x000077e89a000000| Untracked 
| 196|0x000077e89c000000, 0x000077e89c000000, 0x000077e89e000000|  0%| F|  |TAMS 0x000077e89c000000, 0x000077e89c000000| Untracked 
| 197|0x000077e89e000000, 0x000077e89e000000, 0x000077e8a0000000|  0%| F|  |TAMS 0x000077e89e000000, 0x000077e89e000000| Untracked 
| 198|0x000077e8a0000000, 0x000077e8a0000000, 0x000077e8a2000000|  0%| F|  |TAMS 0x000077e8a0000000, 0x000077e8a0000000| Untracked 
| 199|0x000077e8a2000000, 0x000077e8a2000000, 0x000077e8a4000000|  0%| F|  |TAMS 0x000077e8a2000000, 0x000077e8a2000000| Untracked 
| 200|0x000077e8a4000000, 0x000077e8a4000000, 0x000077e8a6000000|  0%| F|  |TAMS 0x000077e8a4000000, 0x000077e8a4000000| Untracked 
| 201|0x000077e8a6000000, 0x000077e8a6000000, 0x000077e8a8000000|  0%| F|  |TAMS 0x000077e8a6000000, 0x000077e8a6000000| Untracked 
| 202|0x000077e8a8000000, 0x000077e8a8000000, 0x000077e8aa000000|  0%| F|  |TAMS 0x000077e8a8000000, 0x000077e8a8000000| Untracked 
| 203|0x000077e8aa000000, 0x000077e8aa000000, 0x000077e8ac000000|  0%| F|  |TAMS 0x000077e8aa000000, 0x000077e8aa000000| Untracked 
| 204|0x000077e8ac000000, 0x000077e8ac000000, 0x000077e8ae000000|  0%| F|  |TAMS 0x000077e8ac000000, 0x000077e8ac000000| Untracked 
| 205|0x000077e8ae000000, 0x000077e8ae000000, 0x000077e8b0000000|  0%| F|  |TAMS 0x000077e8ae000000, 0x000077e8ae000000| Untracked 
| 206|0x000077e8b0000000, 0x000077e8b0000000, 0x000077e8b2000000|  0%| F|  |TAMS 0x000077e8b0000000, 0x000077e8b0000000| Untracked 
| 207|0x000077e8b2000000, 0x000077e8b2000000, 0x000077e8b4000000|  0%| F|  |TAMS 0x000077e8b2000000, 0x000077e8b2000000| Untracked 
| 208|0x000077e8b4000000, 0x000077e8b4000000, 0x000077e8b6000000|  0%| F|  |TAMS 0x000077e8b4000000, 0x000077e8b4000000| Untracked 
| 209|0x000077e8b6000000, 0x000077e8b6000000, 0x000077e8b8000000|  0%| F|  |TAMS 0x000077e8b6000000, 0x000077e8b6000000| Untracked 
| 210|0x000077e8b8000000, 0x000077e8b8000000, 0x000077e8ba000000|  0%| F|  |TAMS 0x000077e8b8000000, 0x000077e8b8000000| Untracked 
| 211|0x000077e8ba000000, 0x000077e8ba000000, 0x000077e8bc000000|  0%| F|  |TAMS 0x000077e8ba000000, 0x000077e8ba000000| Untracked 
| 212|0x000077e8bc000000, 0x000077e8bc000000, 0x000077e8be000000|  0%| F|  |TAMS 0x000077e8bc000000, 0x000077e8bc000000| Untracked 
| 213|0x000077e8be000000, 0x000077e8be000000, 0x000077e8c0000000|  0%| F|  |TAMS 0x000077e8be000000, 0x000077e8be000000| Untracked 
| 214|0x000077e8c0000000, 0x000077e8c0000000, 0x000077e8c2000000|  0%| F|  |TAMS 0x000077e8c0000000, 0x000077e8c0000000| Untracked 
| 215|0x000077e8c2000000, 0x000077e8c2000000, 0x000077e8c4000000|  0%| F|  |TAMS 0x000077e8c2000000, 0x000077e8c2000000| Untracked 
| 216|0x000077e8c4000000, 0x000077e8c4000000, 0x000077e8c6000000|  0%| F|  |TAMS 0x000077e8c4000000, 0x000077e8c4000000| Untracked 
| 217|0x000077e8c6000000, 0x000077e8c6000000, 0x000077e8c8000000|  0%| F|  |TAMS 0x000077e8c6000000, 0x000077e8c6000000| Untracked 
| 218|0x000077e8c8000000, 0x000077e8c8000000, 0x000077e8ca000000|  0%| F|  |TAMS 0x000077e8c8000000, 0x000077e8c8000000| Untracked 
| 219|0x000077e8ca000000, 0x000077e8ca000000, 0x000077e8cc000000|  0%| F|  |TAMS 0x000077e8ca000000, 0x000077e8ca000000| Untracked 
| 220|0x000077e8cc000000, 0x000077e8cc000000, 0x000077e8ce000000|  0%| F|  |TAMS 0x000077e8cc000000, 0x000077e8cc000000| Untracked 
| 221|0x000077e8ce000000, 0x000077e8ce000000, 0x000077e8d0000000|  0%| F|  |TAMS 0x000077e8ce000000, 0x000077e8ce000000| Untracked 
| 222|0x000077e8d0000000, 0x000077e8d0000000, 0x000077e8d2000000|  0%| F|  |TAMS 0x000077e8d0000000, 0x000077e8d0000000| Untracked 
| 223|0x000077e8d2000000, 0x000077e8d2000000, 0x000077e8d4000000|  0%| F|  |TAMS 0x000077e8d2000000, 0x000077e8d2000000| Untracked 
| 224|0x000077e8d4000000, 0x000077e8d4000000, 0x000077e8d6000000|  0%| F|  |TAMS 0x000077e8d4000000, 0x000077e8d4000000| Untracked 
| 225|0x000077e8d6000000, 0x000077e8d6000000, 0x000077e8d8000000|  0%| F|  |TAMS 0x000077e8d6000000, 0x000077e8d6000000| Untracked 
| 226|0x000077e8d8000000, 0x000077e8d8000000, 0x000077e8da000000|  0%| F|  |TAMS 0x000077e8d8000000, 0x000077e8d8000000| Untracked 
| 227|0x000077e8da000000, 0x000077e8da000000, 0x000077e8dc000000|  0%| F|  |TAMS 0x000077e8da000000, 0x000077e8da000000| Untracked 
| 228|0x000077e8dc000000, 0x000077e8dc000000, 0x000077e8de000000|  0%| F|  |TAMS 0x000077e8dc000000, 0x000077e8dc000000| Untracked 
| 229|0x000077e8de000000, 0x000077e8de000000, 0x000077e8e0000000|  0%| F|  |TAMS 0x000077e8de000000, 0x000077e8de000000| Untracked 
| 230|0x000077e8e0000000, 0x000077e8e0000000, 0x000077e8e2000000|  0%| F|  |TAMS 0x000077e8e0000000, 0x000077e8e0000000| Untracked 
| 231|0x000077e8e2000000, 0x000077e8e2000000, 0x000077e8e4000000|  0%| F|  |TAMS 0x000077e8e2000000, 0x000077e8e2000000| Untracked 
| 232|0x000077e8e4000000, 0x000077e8e4000000, 0x000077e8e6000000|  0%| F|  |TAMS 0x000077e8e4000000, 0x000077e8e4000000| Untracked 
| 233|0x000077e8e6000000, 0x000077e8e6000000, 0x000077e8e8000000|  0%| F|  |TAMS 0x000077e8e6000000, 0x000077e8e6000000| Untracked 
| 234|0x000077e8e8000000, 0x000077e8e8000000, 0x000077e8ea000000|  0%| F|  |TAMS 0x000077e8e8000000, 0x000077e8e8000000| Untracked 
| 235|0x000077e8ea000000, 0x000077e8ea000000, 0x000077e8ec000000|  0%| F|  |TAMS 0x000077e8ea000000, 0x000077e8ea000000| Untracked 
| 236|0x000077e8ec000000, 0x000077e8ec000000, 0x000077e8ee000000|  0%| F|  |TAMS 0x000077e8ec000000, 0x000077e8ec000000| Untracked 
| 237|0x000077e8ee000000, 0x000077e8ee000000, 0x000077e8f0000000|  0%| F|  |TAMS 0x000077e8ee000000, 0x000077e8ee000000| Untracked 
| 238|0x000077e8f0000000, 0x000077e8f0000000, 0x000077e8f2000000|  0%| F|  |TAMS 0x000077e8f0000000, 0x000077e8f0000000| Untracked 
| 239|0x000077e8f2000000, 0x000077e8f2000000, 0x000077e8f4000000|  0%| F|  |TAMS 0x000077e8f2000000, 0x000077e8f2000000| Untracked 
| 240|0x000077e8f4000000, 0x000077e8f4000000, 0x000077e8f6000000|  0%| F|  |TAMS 0x000077e8f4000000, 0x000077e8f4000000| Untracked 
| 241|0x000077e8f6000000, 0x000077e8f6000000, 0x000077e8f8000000|  0%| F|  |TAMS 0x000077e8f6000000, 0x000077e8f6000000| Untracked 
| 242|0x000077e8f8000000, 0x000077e8f8000000, 0x000077e8fa000000|  0%| F|  |TAMS 0x000077e8f8000000, 0x000077e8f8000000| Untracked 
| 243|0x000077e8fa000000, 0x000077e8fa000000, 0x000077e8fc000000|  0%| F|  |TAMS 0x000077e8fa000000, 0x000077e8fa000000| Untracked 
| 244|0x000077e8fc000000, 0x000077e8fc000000, 0x000077e8fe000000|  0%| F|  |TAMS 0x000077e8fc000000, 0x000077e8fc000000| Untracked 
| 245|0x000077e8fe000000, 0x000077e8fe000000, 0x000077e900000000|  0%| F|  |TAMS 0x000077e8fe000000, 0x000077e8fe000000| Untracked 
| 246|0x000077e900000000, 0x000077e900000000, 0x000077e902000000|  0%| F|  |TAMS 0x000077e900000000, 0x000077e900000000| Untracked 
| 247|0x000077e902000000, 0x000077e902000000, 0x000077e904000000|  0%| F|  |TAMS 0x000077e902000000, 0x000077e902000000| Untracked 
| 248|0x000077e904000000, 0x000077e904000000, 0x000077e906000000|  0%| F|  |TAMS 0x000077e904000000, 0x000077e904000000| Untracked 
| 249|0x000077e906000000, 0x000077e906000000, 0x000077e908000000|  0%| F|  |TAMS 0x000077e906000000, 0x000077e906000000| Untracked 
| 250|0x000077e908000000, 0x000077e908000000, 0x000077e90a000000|  0%| F|  |TAMS 0x000077e908000000, 0x000077e908000000| Untracked 
| 251|0x000077e90a000000, 0x000077e90a000000, 0x000077e90c000000|  0%| F|  |TAMS 0x000077e90a000000, 0x000077e90a000000| Untracked 
| 252|0x000077e90c000000, 0x000077e90c000000, 0x000077e90e000000|  0%| F|  |TAMS 0x000077e90c000000, 0x000077e90c000000| Untracked 
| 253|0x000077e90e000000, 0x000077e90e000000, 0x000077e910000000|  0%| F|  |TAMS 0x000077e90e000000, 0x000077e90e000000| Untracked 
| 254|0x000077e910000000, 0x000077e910000000, 0x000077e912000000|  0%| F|  |TAMS 0x000077e910000000, 0x000077e910000000| Untracked 
| 255|0x000077e912000000, 0x000077e912000000, 0x000077e914000000|  0%| F|  |TAMS 0x000077e912000000, 0x000077e912000000| Untracked 
| 256|0x000077e914000000, 0x000077e914000000, 0x000077e916000000|  0%| F|  |TAMS 0x000077e914000000, 0x000077e914000000| Untracked 
| 257|0x000077e916000000, 0x000077e916000000, 0x000077e918000000|  0%| F|  |TAMS 0x000077e916000000, 0x000077e916000000| Untracked 
| 258|0x000077e918000000, 0x000077e918000000, 0x000077e91a000000|  0%| F|  |TAMS 0x000077e918000000, 0x000077e918000000| Untracked 
| 259|0x000077e91a000000, 0x000077e91a000000, 0x000077e91c000000|  0%| F|  |TAMS 0x000077e91a000000, 0x000077e91a000000| Untracked 
| 260|0x000077e91c000000, 0x000077e91c000000, 0x000077e91e000000|  0%| F|  |TAMS 0x000077e91c000000, 0x000077e91c000000| Untracked 
| 261|0x000077e91e000000, 0x000077e91e000000, 0x000077e920000000|  0%| F|  |TAMS 0x000077e91e000000, 0x000077e91e000000| Untracked 
| 262|0x000077e920000000, 0x000077e920000000, 0x000077e922000000|  0%| F|  |TAMS 0x000077e920000000, 0x000077e920000000| Untracked 
| 263|0x000077e922000000, 0x000077e922000000, 0x000077e924000000|  0%| F|  |TAMS 0x000077e922000000, 0x000077e922000000| Untracked 
| 264|0x000077e924000000, 0x000077e924000000, 0x000077e926000000|  0%| F|  |TAMS 0x000077e924000000, 0x000077e924000000| Untracked 
| 265|0x000077e926000000, 0x000077e926000000, 0x000077e928000000|  0%| F|  |TAMS 0x000077e926000000, 0x000077e926000000| Untracked 
| 266|0x000077e928000000, 0x000077e928000000, 0x000077e92a000000|  0%| F|  |TAMS 0x000077e928000000, 0x000077e928000000| Untracked 
| 267|0x000077e92a000000, 0x000077e92a000000, 0x000077e92c000000|  0%| F|  |TAMS 0x000077e92a000000, 0x000077e92a000000| Untracked 
| 268|0x000077e92c000000, 0x000077e92c000000, 0x000077e92e000000|  0%| F|  |TAMS 0x000077e92c000000, 0x000077e92c000000| Untracked 
| 269|0x000077e92e000000, 0x000077e92e000000, 0x000077e930000000|  0%| F|  |TAMS 0x000077e92e000000, 0x000077e92e000000| Untracked 
| 270|0x000077e930000000, 0x000077e930000000, 0x000077e932000000|  0%| F|  |TAMS 0x000077e930000000, 0x000077e930000000| Untracked 
| 271|0x000077e932000000, 0x000077e932000000, 0x000077e934000000|  0%| F|  |TAMS 0x000077e932000000, 0x000077e932000000| Untracked 
| 272|0x000077e934000000, 0x000077e934000000, 0x000077e936000000|  0%| F|  |TAMS 0x000077e934000000, 0x000077e934000000| Untracked 
| 273|0x000077e936000000, 0x000077e936000000, 0x000077e938000000|  0%| F|  |TAMS 0x000077e936000000, 0x000077e936000000| Untracked 
| 274|0x000077e938000000, 0x000077e938000000, 0x000077e93a000000|  0%| F|  |TAMS 0x000077e938000000, 0x000077e938000000| Untracked 
| 275|0x000077e93a000000, 0x000077e93a000000, 0x000077e93c000000|  0%| F|  |TAMS 0x000077e93a000000, 0x000077e93a000000| Untracked 
| 276|0x000077e93c000000, 0x000077e93c000000, 0x000077e93e000000|  0%| F|  |TAMS 0x000077e93c000000, 0x000077e93c000000| Untracked 
| 277|0x000077e93e000000, 0x000077e93e000000, 0x000077e940000000|  0%| F|  |TAMS 0x000077e93e000000, 0x000077e93e000000| Untracked 
| 278|0x000077e940000000, 0x000077e940000000, 0x000077e942000000|  0%| F|  |TAMS 0x000077e940000000, 0x000077e940000000| Untracked 
| 279|0x000077e942000000, 0x000077e942000000, 0x000077e944000000|  0%| F|  |TAMS 0x000077e942000000, 0x000077e942000000| Untracked 
| 280|0x000077e944000000, 0x000077e944000000, 0x000077e946000000|  0%| F|  |TAMS 0x000077e944000000, 0x000077e944000000| Untracked 
| 281|0x000077e946000000, 0x000077e946000000, 0x000077e948000000|  0%| F|  |TAMS 0x000077e946000000, 0x000077e946000000| Untracked 
| 282|0x000077e948000000, 0x000077e948000000, 0x000077e94a000000|  0%| F|  |TAMS 0x000077e948000000, 0x000077e948000000| Untracked 
| 283|0x000077e94a000000, 0x000077e94a000000, 0x000077e94c000000|  0%| F|  |TAMS 0x000077e94a000000, 0x000077e94a000000| Untracked 
| 284|0x000077e94c000000, 0x000077e94e000000, 0x000077e94e000000|100%| S|CS|TAMS 0x000077e94c000000, 0x000077e94c000000| Complete 
| 285|0x000077e94e000000, 0x000077e950000000, 0x000077e950000000|100%| S|CS|TAMS 0x000077e94e000000, 0x000077e94e000000| Complete 
| 286|0x000077e950000000, 0x000077e950000000, 0x000077e952000000|  0%| F|  |TAMS 0x000077e950000000, 0x000077e950000000| Untracked 
| 287|0x000077e952000000, 0x000077e952000000, 0x000077e954000000|  0%| F|  |TAMS 0x000077e952000000, 0x000077e952000000| Untracked 
| 288|0x000077e954000000, 0x000077e954000000, 0x000077e956000000|  0%| F|  |TAMS 0x000077e954000000, 0x000077e954000000| Untracked 
| 289|0x000077e956000000, 0x000077e956000000, 0x000077e958000000|  0%| F|  |TAMS 0x000077e956000000, 0x000077e956000000| Untracked 
| 290|0x000077e958000000, 0x000077e958000000, 0x000077e95a000000|  0%| F|  |TAMS 0x000077e958000000, 0x000077e958000000| Untracked 
| 291|0x000077e95a000000, 0x000077e95a000000, 0x000077e95c000000|  0%| F|  |TAMS 0x000077e95a000000, 0x000077e95a000000| Untracked 
| 292|0x000077e95c000000, 0x000077e95c000000, 0x000077e95e000000|  0%| F|  |TAMS 0x000077e95c000000, 0x000077e95c000000| Untracked 
| 293|0x000077e95e000000, 0x000077e95e000000, 0x000077e960000000|  0%| F|  |TAMS 0x000077e95e000000, 0x000077e95e000000| Untracked 
| 294|0x000077e960000000, 0x000077e960000000, 0x000077e962000000|  0%| F|  |TAMS 0x000077e960000000, 0x000077e960000000| Untracked 
| 295|0x000077e962000000, 0x000077e962000000, 0x000077e964000000|  0%| F|  |TAMS 0x000077e962000000, 0x000077e962000000| Untracked 
| 296|0x000077e964000000, 0x000077e964000000, 0x000077e966000000|  0%| F|  |TAMS 0x000077e964000000, 0x000077e964000000| Untracked 
| 297|0x000077e966000000, 0x000077e966000000, 0x000077e968000000|  0%| F|  |TAMS 0x000077e966000000, 0x000077e966000000| Untracked 
|259070|0x00007fcf10000000, 0x00007fcf12000000, 0x00007fcf12000000|100%| O|  |TAMS 0x00007fcf12000000, 0x00007fcf10000000| Untracked 
|259071|0x00007fcf12000000, 0x00007fcf14000000, 0x00007fcf14000000|100%| O|  |TAMS 0x00007fcf14000000, 0x00007fcf12000000| Untracked 

Card table byte_map: [0x000077df1c2ff000,0x000077e3102ff000] _byte_map_base: 0x000077a328a5f000

Marking Bits (Prev, Next): (CMBitMap*) 0x00007fcf2c06fc80, (CMBitMap*) 0x00007fcf2c06fc40
 Prev Bits: [0x0000779be82ff000, 0x000077bb882ff000)
 Next Bits: [0x000077bb882ff000, 0x000077db282ff000)

Polling page: 0x00007fcf32b4e000

Metaspace:

Usage:
  Non-class:      8.24 MB capacity,     8.13 MB ( 99%) used,   109.38 KB (  1%) free+waste,     5.50 KB ( <1%) overhead. 
      Class:    790.00 KB capacity,   755.27 KB ( 96%) used,    33.10 KB (  4%) free+waste,     1.62 KB ( <1%) overhead. 
       Both:      9.01 MB capacity,     8.87 MB ( 98%) used,   142.48 KB (  2%) free+waste,     7.12 KB ( <1%) overhead. 

Virtual space:
  Non-class space:       10.00 MB reserved,       8.50 MB ( 85%) committed 
      Class space:        1.00 GB reserved,     896.00 KB ( <1%) committed 
             Both:        1.01 GB reserved,       9.38 MB ( <1%) committed 

Chunk freelists:
   Non-Class:  72.00 KB
       Class:  10.00 KB
        Both:  82.00 KB

MaxMetaspaceSize: 17179869184.00 GB
CompressedClassSpaceSize: 1.00 GB

CodeHeap 'non-profiled nmethods': size=120028Kb used=798Kb max_used=798Kb free=119229Kb
 bounds [0x00007fcf1c663000, 0x00007fcf1c8d3000, 0x00007fcf23b9a000]
CodeHeap 'profiled nmethods': size=120028Kb used=1496Kb max_used=1496Kb free=118531Kb
 bounds [0x00007fcf1512c000, 0x00007fcf1539c000, 0x00007fcf1c663000]
CodeHeap 'non-nmethods': size=5704Kb used=1136Kb max_used=1212Kb free=4567Kb
 bounds [0x00007fcf14b9a000, 0x00007fcf14e0a000, 0x00007fcf1512c000]
 total_blobs=1293 nmethods=902 adapters=305
 compilation: enabled
              stopped_count=0, restarted_count=0
 full_count=0

Compilation events (20 events):
Event: 1.522 Thread 0x00007fcf2c1a17a0  896       3       jdk.internal.misc.Unsafe::checkPrimitivePointer (19 bytes)
Event: 1.523 Thread 0x00007fcf2c1a17a0 nmethod 896 0x00007fcf1529de90 code [0x00007fcf1529e080, 0x00007fcf1529e680]
Event: 1.531 Thread 0x00007fcf2c1a17a0  897       3       java.nio.HeapByteBuffer::ix (7 bytes)
Event: 1.531 Thread 0x00007fcf2c1a17a0 nmethod 897 0x00007fcf1529e910 code [0x00007fcf1529eaa0, 0x00007fcf1529eb90]
Event: 1.539 Thread 0x00007fcf2c1a17a0  899       3       java.nio.channels.spi.AbstractInterruptibleChannel::isOpen (13 bytes)
Event: 1.539 Thread 0x00007fcf2c1a17a0 nmethod 899 0x00007fcf1529ec10 code [0x00007fcf1529eda0, 0x00007fcf1529eef0]
Event: 1.539 Thread 0x00007fcf2c1a17a0  898       1       java.lang.Thread::isInterrupted (5 bytes)
Event: 1.539 Thread 0x00007fcf2c1a17a0 nmethod 898 0x00007fcf1c729f10 code [0x00007fcf1c72a0a0, 0x00007fcf1c72a150]
Event: 1.539 Thread 0x00007fcf2c1a17a0  900       1       java.nio.DirectByteBuffer::base (2 bytes)
Event: 1.539 Thread 0x00007fcf2c1a17a0 nmethod 900 0x00007fcf1c72a210 code [0x00007fcf1c72a3a0, 0x00007fcf1c72a450]
Event: 1.539 Thread 0x00007fcf2c1a17a0  901       1       java.nio.ByteBuffer::base (5 bytes)
Event: 1.539 Thread 0x00007fcf2c1a17a0 nmethod 901 0x00007fcf1c72a510 code [0x00007fcf1c72a6a0, 0x00007fcf1c72a750]
Event: 1.775 Thread 0x00007fcf2c1a17a0  902       3       sun.invoke.util.VerifyAccess::isSamePackage (32 bytes)
Event: 1.776 Thread 0x00007fcf2c1a17a0 nmethod 902 0x00007fcf1529ef90 code [0x00007fcf1529f2c0, 0x00007fcf152a0900]
Event: 1.777 Thread 0x00007fcf2c1a17a0  904       3       jdk.internal.math.FDBigInteger::mult (64 bytes)
Event: 1.777 Thread 0x00007fcf2c1a17a0 nmethod 904 0x00007fcf152a0f90 code [0x00007fcf152a1140, 0x00007fcf152a13b0]
Event: 1.777 Thread 0x00007fcf2c1a17a0  905       3       jdk.internal.math.FDBigInteger::<init> (30 bytes)
Event: 1.777 Thread 0x00007fcf2c1a17a0 nmethod 905 0x00007fcf152a1590 code [0x00007fcf152a1740, 0x00007fcf152a1940]
Event: 1.777 Thread 0x00007fcf2c1a17a0  906       3       jdk.internal.math.FDBigInteger::mult (44 bytes)
Event: 1.777 Thread 0x00007fcf2c1a17a0 nmethod 906 0x00007fcf152a1a90 code [0x00007fcf152a1c60, 0x00007fcf152a2030]

GC Heap History (20 events):
Event: 1.754 GC heap after
{Heap after GC invocations=19 (full 0):
 garbage-first heap   total 819200K, used 2251K [0x000077e714000000, 0x00007fcf14000000)
  region size 32768K, 1 young (32768K), 1 survivors (32768K)
 Metaspace       used 8934K, capacity 9070K, committed 9216K, reserved 1058816K
  class space    used 744K, capacity 758K, committed 768K, reserved 1048576K
}
Event: 1.793 GC heap before
{Heap before GC invocations=19 (full 0):
 garbage-first heap   total 819200K, used 428235K [0x000077e714000000, 0x00007fcf14000000)
  region size 32768K, 15 young (491520K), 1 survivors (32768K)
 Metaspace       used 9080K, capacity 9230K, committed 9600K, reserved 1058816K
  class space    used 755K, capacity 790K, committed 896K, reserved 1048576K
}
Event: 1.912 GC heap after
{Heap after GC invocations=20 (full 0):
 garbage-first heap   total 884736K, used 389385K [0x000077e714000000, 0x00007fcf14000000)
  region size 32768K, 2 young (65536K), 2 survivors (65536K)
 Metaspace       used 9080K, capacity 9230K, committed 9600K, reserved 1058816K
  class space    used 755K, capacity 790K, committed 896K, reserved 1048576K
}
Event: 1.917 GC heap before
{Heap before GC invocations=20 (full 0):
 garbage-first heap   total 884736K, used 520457K [0x000077e714000000, 0x00007fcf14000000)
  region size 32768K, 7 young (229376K), 2 survivors (65536K)
 Metaspace       used 9080K, capacity 9230K, committed 9600K, reserved 1058816K
  class space    used 755K, capacity 790K, committed 896K, reserved 1048576K
}
Event: 1.944 GC heap after
{Heap after GC invocations=21 (full 0):
 garbage-first heap   total 2654208K, used 553225K [0x000077e714000000, 0x00007fcf14000000)
  region size 32768K, 1 young (32768K), 1 survivors (32768K)
 Metaspace       used 9080K, capacity 9230K, committed 9600K, reserved 1058816K
  class space    used 755K, capacity 790K, committed 896K, reserved 1048576K
}
Event: 2.027 GC heap before
{Heap before GC invocations=21 (full 0):
 garbage-first heap   total 2654208K, used 1306889K [0x000077e714000000, 0x00007fcf14000000)
  region size 32768K, 24 young (786432K), 1 survivors (32768K)
 Metaspace       used 9080K, capacity 9230K, committed 9600K, reserved 1058816K
  class space    used 755K, capacity 790K, committed 896K, reserved 1048576K
}
Event: 2.295 GC heap after
{Heap after GC invocations=22 (full 0):
 garbage-first heap   total 2654208K, used 1306889K [0x000077e714000000, 0x00007fcf14000000)
  region size 32768K, 3 young (98304K), 3 survivors (98304K)
 Metaspace       used 9080K, capacity 9230K, committed 9600K, reserved 1058816K
  class space    used 755K, capacity 790K, committed 896K, reserved 1048576K
}
Event: 2.306 GC heap before
{Heap before GC invocations=22 (full 0):
 garbage-first heap   total 2654208K, used 1601801K [0x000077e714000000, 0x00007fcf14000000)
  region size 32768K, 13 young (425984K), 3 survivors (98304K)
 Metaspace       used 9080K, capacity 9230K, committed 9600K, reserved 1058816K
  class space    used 755K, capacity 790K, committed 896K, reserved 1048576K
}
Event: 2.495 GC heap after
{Heap after GC invocations=23 (full 0):
 garbage-first heap   total 2654208K, used 1634569K [0x000077e714000000, 0x00007fcf14000000)
  region size 32768K, 2 young (65536K), 2 survivors (65536K)
 Metaspace       used 9080K, capacity 9230K, committed 9600K, reserved 1058816K
  class space    used 755K, capacity 790K, committed 896K, reserved 1048576K
}
Event: 2.507 GC heap before
{Heap before GC invocations=23 (full 0):
 garbage-first heap   total 2654208K, used 1798409K [0x000077e714000000, 0x00007fcf14000000)
  region size 32768K, 8 young (262144K), 2 survivors (65536K)
 Metaspace       used 9080K, capacity 9230K, committed 9600K, reserved 1058816K
  class space    used 755K, capacity 790K, committed 896K, reserved 1048576K
}
Event: 2.633 GC heap after
{Heap after GC invocations=24 (full 0):
 garbage-first heap   total 2654208K, used 1830786K [0x000077e714000000, 0x00007fcf14000000)
  region size 32768K, 1 young (32768K), 1 survivors (32768K)
 Metaspace       used 9080K, capacity 9230K, committed 9600K, reserved 1058816K
  class space    used 755K, capacity 790K, committed 896K, reserved 1048576K
}
Event: 2.644 GC heap before
{Heap before GC invocations=24 (full 0):
 garbage-first heap   total 3276800K, used 1929090K [0x000077e714000000, 0x00007fcf14000000)
  region size 32768K, 5 young (163840K), 1 survivors (32768K)
 Metaspace       used 9080K, capacity 9230K, committed 9600K, reserved 1058816K
  class space    used 755K, capacity 790K, committed 896K, reserved 1048576K
}
Event: 2.679 GC heap after
{Heap after GC invocations=25 (full 0):
 garbage-first heap   total 9830400K, used 1961858K [0x000077e714000000, 0x00007fcf14000000)
  region size 32768K, 1 young (32768K), 1 survivors (32768K)
 Metaspace       used 9080K, capacity 9230K, committed 9600K, reserved 1058816K
  class space    used 755K, capacity 790K, committed 896K, reserved 1048576K
}
Event: 2.733 GC heap before
{Heap before GC invocations=26 (full 0):
 garbage-first heap   total 9830400K, used 2387842K [0x000077e714000000, 0x00007fcf14000000)
  region size 32768K, 15 young (491520K), 1 survivors (32768K)
 Metaspace       used 9080K, capacity 9230K, committed 9600K, reserved 1058816K
  class space    used 755K, capacity 790K, committed 896K, reserved 1048576K
}
Event: 2.812 GC heap after
{Heap after GC invocations=27 (full 0):
 garbage-first heap   total 9830400K, used 2420219K [0x000077e714000000, 0x00007fcf14000000)
  region size 32768K, 2 young (65536K), 2 survivors (65536K)
 Metaspace       used 9080K, capacity 9230K, committed 9600K, reserved 1058816K
  class space    used 755K, capacity 790K, committed 896K, reserved 1048576K
}
Event: 2.831 GC heap before
{Heap before GC invocations=27 (full 0):
 garbage-first heap   total 9830400K, used 2878971K [0x000077e714000000, 0x00007fcf14000000)
  region size 32768K, 17 young (557056K), 2 survivors (65536K)
 Metaspace       used 9080K, capacity 9230K, committed 9600K, reserved 1058816K
  class space    used 755K, capacity 790K, committed 896K, reserved 1048576K
}
Event: 2.993 GC heap after
{Heap after GC invocations=28 (full 0):
 garbage-first heap   total 9830400K, used 2911348K [0x000077e714000000, 0x00007fcf14000000)
  region size 32768K, 3 young (98304K), 3 survivors (98304K)
 Metaspace       used 9080K, capacity 9230K, committed 9600K, reserved 1058816K
  class space    used 755K, capacity 790K, committed 896K, reserved 1048576K
}
Event: 3.009 GC heap before
{Heap before GC invocations=28 (full 0):
 garbage-first heap   total 9830400K, used 3370100K [0x000077e714000000, 0x00007fcf14000000)
  region size 32768K, 17 young (557056K), 3 survivors (98304K)
 Metaspace       used 9080K, capacity 9230K, committed 9600K, reserved 1058816K
  class space    used 755K, capacity 790K, committed 896K, reserved 1048576K
}
Event: 3.245 GC heap after
{Heap after GC invocations=29 (full 0):
 garbage-first heap   total 9830400K, used 3370100K [0x000077e714000000, 0x00007fcf14000000)
  region size 32768K, 3 young (98304K), 3 survivors (98304K)
 Metaspace       used 9080K, capacity 9230K, committed 9600K, reserved 1058816K
  class space    used 755K, capacity 790K, committed 896K, reserved 1048576K
}
Event: 3.258 GC heap before
{Heap before GC invocations=29 (full 0):
 garbage-first heap   total 9830400K, used 3730548K [0x000077e714000000, 0x00007fcf14000000)
  region size 32768K, 15 young (491520K), 3 survivors (98304K)
 Metaspace       used 9080K, capacity 9230K, committed 9600K, reserved 1058816K
  class space    used 755K, capacity 790K, committed 896K, reserved 1048576K
}

Deoptimization events (20 events):
Event: 1.776 Thread 0x00007fcf2c017540 Uncommon trap: trap_request=0xffffffde fr.pc=0x00007fcf1c6cb1e8 relative=0x00000000000005a8
Event: 1.776 Thread 0x00007fcf2c017540 Uncommon trap: reason=class_check action=maybe_recompile pc=0x00007fcf1c6cb1e8 method=java.util.regex.Pattern$BmpCharProperty.match(Ljava/util/regex/Matcher;ILjava/lang/CharSequence;)Z @ 14 c2
Event: 1.776 Thread 0x00007fcf2c017540 DEOPT PACKING pc=0x00007fcf1c6cb1e8 sp=0x00007fcf313a83c0
Event: 1.776 Thread 0x00007fcf2c017540 DEOPT UNPACKING pc=0x00007fcf14be8125 sp=0x00007fcf313a83a0 mode 2
Event: 1.776 Thread 0x00007fcf2c017540 Uncommon trap: trap_request=0xffffff45 fr.pc=0x00007fcf1c6c9f00 relative=0x0000000000000100
Event: 1.776 Thread 0x00007fcf2c017540 Uncommon trap: reason=unstable_if action=reinterpret pc=0x00007fcf1c6c9f00 method=java.util.regex.Pattern$Branch.match(Ljava/util/regex/Matcher;ILjava/lang/CharSequence;)Z @ 19 c2
Event: 1.776 Thread 0x00007fcf2c017540 DEOPT PACKING pc=0x00007fcf1c6c9f00 sp=0x00007fcf313a8360
Event: 1.776 Thread 0x00007fcf2c017540 DEOPT UNPACKING pc=0x00007fcf14be8125 sp=0x00007fcf313a8338 mode 2
Event: 1.776 Thread 0x00007fcf2c017540 Uncommon trap: trap_request=0xffffffc6 fr.pc=0x00007fcf1c6c5684 relative=0x00000000000001e4
Event: 1.776 Thread 0x00007fcf2c017540 Uncommon trap: reason=bimorphic_or_optimized_type_check action=maybe_recompile pc=0x00007fcf1c6c5684 method=java.util.regex.Pattern$BranchConn.match(Ljava/util/regex/Matcher;ILjava/lang/CharSequence;)Z @ 7 c2
Event: 1.776 Thread 0x00007fcf2c017540 DEOPT PACKING pc=0x00007fcf1c6c5684 sp=0x00007fcf313a8100
Event: 1.776 Thread 0x00007fcf2c017540 DEOPT UNPACKING pc=0x00007fcf14be8125 sp=0x00007fcf313a80a8 mode 2
Event: 1.776 Thread 0x00007fcf2c017540 Uncommon trap: trap_request=0xffffffde fr.pc=0x00007fcf1c67f33c relative=0x000000000000021c
Event: 1.776 Thread 0x00007fcf2c017540 Uncommon trap: reason=class_check action=maybe_recompile pc=0x00007fcf1c67f33c method=java.util.regex.Matcher.getTextLength()I @ 4 c2
Event: 1.776 Thread 0x00007fcf2c017540 DEOPT PACKING pc=0x00007fcf1c67f33c sp=0x00007fcf313a8500
Event: 1.776 Thread 0x00007fcf2c017540 DEOPT UNPACKING pc=0x00007fcf14be8125 sp=0x00007fcf313a8450 mode 2
Event: 1.776 Thread 0x00007fcf2c017540 Uncommon trap: trap_request=0xffffffbe fr.pc=0x00007fcf1c6b89ec relative=0x000000000000098c
Event: 1.776 Thread 0x00007fcf2c017540 Uncommon trap: reason=profile_predicate action=maybe_recompile pc=0x00007fcf1c6b89ec method=java.util.regex.Pattern$Start.match(Ljava/util/regex/Matcher;ILjava/lang/CharSequence;)Z @ 34 c2
Event: 1.776 Thread 0x00007fcf2c017540 DEOPT PACKING pc=0x00007fcf1c6b89ec sp=0x00007fcf313a84a0
Event: 1.776 Thread 0x00007fcf2c017540 DEOPT UNPACKING pc=0x00007fcf14be8125 sp=0x00007fcf313a8430 mode 2

Classes unloaded (0 events):
No events

Classes redefined (0 events):
No events

Internal exceptions (4 events):
Event: 0.144 Thread 0x00007fcf2c337920 Exception <a 'java/lang/NoSuchMethodError'{0x000077e72229b4f8}: 'java.lang.Object java.lang.invoke.DirectMethodHandle$Holder.invokeStatic(java.lang.Object)'> (0x000077e72229b4f8) 
thrown [src/hotspot/share/interpreter/linkResolver.cpp, line 781]
Event: 0.144 Thread 0x00007fcf2c337920 Exception <a 'java/lang/NoSuchMethodError'{0x000077e72229fc60}: 'java.lang.Object java.lang.invoke.DirectMethodHandle$Holder.invokeStaticInit(java.lang.Object)'> (0x000077e72229fc60) 
thrown [src/hotspot/share/interpreter/linkResolver.cpp, line 781]
Event: 0.147 Thread 0x00007fcf2c337920 Exception <a 'java/lang/NoSuchMethodError'{0x000077e7222b0920}: 'void java.lang.invoke.DirectMethodHandle$Holder.invokeStatic(java.lang.Object, java.lang.Object)'> (0x000077e7222b0920) 
thrown [src/hotspot/share/interpreter/linkResolver.cpp, line 781]
Event: 1.139 Thread 0x0000779bb4000e80 Implicit null exception at 0x00007fcf1c6c8bc0 to 0x00007fcf1c6c8c9b

Events (20 events):
Event: 1.944 Executing VM operation: G1CollectForAllocation done
Event: 2.027 Executing VM operation: G1CollectForAllocation
Event: 2.295 Executing VM operation: G1CollectForAllocation done
Event: 2.306 Executing VM operation: G1CollectForAllocation
Event: 2.495 Executing VM operation: G1CollectForAllocation done
Event: 2.502 Executing VM operation: G1CollectForAllocation
Event: 2.633 Executing VM operation: G1CollectForAllocation done
Event: 2.640 Executing VM operation: G1Concurrent
Event: 2.644 Executing VM operation: G1Concurrent done
Event: 2.644 Executing VM operation: G1CollectForAllocation
Event: 2.679 Executing VM operation: G1CollectForAllocation done
Event: 2.681 Executing VM operation: G1Concurrent
Event: 2.685 Executing VM operation: G1Concurrent done
Event: 2.733 Executing VM operation: G1CollectForAllocation
Event: 2.812 Executing VM operation: G1CollectForAllocation done
Event: 2.831 Executing VM operation: G1CollectForAllocation
Event: 2.993 Executing VM operation: G1CollectForAllocation done
Event: 3.008 Executing VM operation: G1CollectForAllocation
Event: 3.245 Executing VM operation: G1CollectForAllocation done
Event: 3.258 Executing VM operation: G1CollectForAllocation


Dynamic libraries:
80000000-800e0000 rw-p 00000000 00:00 0 
800e0000-c0000000 ---p 00000000 00:00 0 
5596c25b1000-5596c25b2000 r--p 00000000 103:06 5898258                   /usr/lib/jvm/java-15-openjdk/bin/java
5596c25b2000-5596c25b3000 r-xp 00001000 103:06 5898258                   /usr/lib/jvm/java-15-openjdk/bin/java
5596c25b3000-5596c25b4000 r--p 00002000 103:06 5898258                   /usr/lib/jvm/java-15-openjdk/bin/java
5596c25b4000-5596c25b5000 r--p 00002000 103:06 5898258                   /usr/lib/jvm/java-15-openjdk/bin/java
5596c25b5000-5596c25b6000 rw-p 00003000 103:06 5898258                   /usr/lib/jvm/java-15-openjdk/bin/java
5596c43d0000-5596c43f1000 rw-p 00000000 00:00 0                          [heap]
779b64000000-779b64021000 rw-p 00000000 00:00 0 
779b64021000-779b68000000 ---p 00000000 00:00 0 
779b6c000000-779b6c021000 rw-p 00000000 00:00 0 
779b6c021000-779b70000000 ---p 00000000 00:00 0 
779b70000000-779b70031000 rw-p 00000000 00:00 0 
779b70031000-779b74000000 ---p 00000000 00:00 0 
779b74000000-779b74021000 rw-p 00000000 00:00 0 
779b74021000-779b78000000 ---p 00000000 00:00 0 
779b78000000-779b78021000 rw-p 00000000 00:00 0 
779b78021000-779b7c000000 ---p 00000000 00:00 0 
779b7c000000-779b7c021000 rw-p 00000000 00:00 0 
779b7c021000-779b80000000 ---p 00000000 00:00 0 
779b80000000-779b80021000 rw-p 00000000 00:00 0 
779b80021000-779b84000000 ---p 00000000 00:00 0 
779b84000000-779b84021000 rw-p 00000000 00:00 0 
779b84021000-779b88000000 ---p 00000000 00:00 0 
779b88000000-779b88021000 rw-p 00000000 00:00 0 
779b88021000-779b8c000000 ---p 00000000 00:00 0 
779b8c000000-779b8c959000 rw-p 00000000 00:00 0 
779b8c959000-779b90000000 ---p 00000000 00:00 0 
779b90000000-779b90021000 rw-p 00000000 00:00 0 
779b90021000-779b94000000 ---p 00000000 00:00 0 
779b94000000-779b94021000 rw-p 00000000 00:00 0 
779b94021000-779b98000000 ---p 00000000 00:00 0 
779b98000000-779b98b57000 rw-p 00000000 00:00 0 
779b98b57000-779b9c000000 ---p 00000000 00:00 0 
779b9c000000-779b9c021000 rw-p 00000000 00:00 0 
779b9c021000-779ba0000000 ---p 00000000 00:00 0 
779ba0000000-779ba0021000 rw-p 00000000 00:00 0 
779ba0021000-779ba4000000 ---p 00000000 00:00 0 
779ba4000000-779ba4021000 rw-p 00000000 00:00 0 
779ba4021000-779ba8000000 ---p 00000000 00:00 0 
779ba8000000-779ba8021000 rw-p 00000000 00:00 0 
779ba8021000-779bac000000 ---p 00000000 00:00 0 
779bac000000-779bacb78000 rw-p 00000000 00:00 0 
779bacb78000-779bb0000000 ---p 00000000 00:00 0 
779bb0000000-779bb0399000 rw-p 00000000 00:00 0 
779bb0399000-779bb4000000 ---p 00000000 00:00 0 
779bb4000000-779bb4021000 rw-p 00000000 00:00 0 
779bb4021000-779bb8000000 ---p 00000000 00:00 0 
779bb8000000-779bb8021000 rw-p 00000000 00:00 0 
779bb8021000-779bbc000000 ---p 00000000 00:00 0 
779bbc000000-779bbc021000 rw-p 00000000 00:00 0 
779bbc021000-779bc0000000 ---p 00000000 00:00 0 
779bc0000000-779bc0021000 rw-p 00000000 00:00 0 
779bc0021000-779bc4000000 ---p 00000000 00:00 0 
779bc4000000-779bc45f5000 rw-p 00000000 00:00 0 
779bc45f5000-779bc8000000 ---p 00000000 00:00 0 
779bc98ac000-779bc98ad000 ---p 00000000 00:00 0 
779bc98ad000-779bc99ae000 rw-p 00000000 00:00 0 
779bc99ae000-779bc99af000 ---p 00000000 00:00 0 
779bc99af000-779bc9b30000 rw-p 00000000 00:00 0 
779bc9b30000-779bc9cb0000 ---p 00000000 00:00 0 
779bc9cb2000-779bc9cb3000 ---p 00000000 00:00 0 
779bc9cb3000-779bc9db4000 rw-p 00000000 00:00 0 
779bc9db4000-779bc9db5000 ---p 00000000 00:00 0 
779bc9db5000-779bc9eb6000 rw-p 00000000 00:00 0 
779bc9eb6000-779bc9eb7000 ---p 00000000 00:00 0 
779bc9eb7000-779bc9fb8000 rw-p 00000000 00:00 0 
779bc9fb8000-779bc9fb9000 ---p 00000000 00:00 0 
779bc9fb9000-779bca0ba000 rw-p 00000000 00:00 0 
779bca0ba000-779bca0bb000 ---p 00000000 00:00 0 
779bca0bb000-779bca1bc000 rw-p 00000000 00:00 0 
779bca1bc000-779bca1bd000 ---p 00000000 00:00 0 
779bca1bd000-779bca2be000 rw-p 00000000 00:00 0 
779bca2be000-779bca2bf000 ---p 00000000 00:00 0 
779bca2bf000-779bca3c0000 rw-p 00000000 00:00 0 
779bca3c0000-779bca3c1000 ---p 00000000 00:00 0 
779bca3c1000-779bca4c2000 rw-p 00000000 00:00 0 
779bca4c2000-779bca4c3000 ---p 00000000 00:00 0 
779bca4c3000-779bca5c4000 rw-p 00000000 00:00 0 
779bca5c4000-779bca5c8000 ---p 00000000 00:00 0 
779bca5c8000-779bca6c5000 rw-p 00000000 00:00 0 
779bca6c5000-779bca6c9000 ---p 00000000 00:00 0 
779bca6c9000-779bca7c6000 rw-p 00000000 00:00 0 
779bca7c6000-779bca7c7000 ---p 00000000 00:00 0 
779bca7c7000-779bca8c8000 rw-p 00000000 00:00 0 
779bca8c8000-779bca8cc000 ---p 00000000 00:00 0 
779bca8cc000-779bca9c9000 rw-p 00000000 00:00 0 
779bca9c9000-779bca9cd000 ---p 00000000 00:00 0 
779bca9cd000-779bcaaca000 rw-p 00000000 00:00 0 
779bcaaca000-779bcaace000 ---p 00000000 00:00 0 
779bcaace000-779bcabcb000 rw-p 00000000 00:00 0 
779bcabcb000-779bcabcf000 ---p 00000000 00:00 0 
779bcabcf000-779bcaccc000 rw-p 00000000 00:00 0 
779bcaccc000-779bcacd0000 ---p 00000000 00:00 0 
779bcacd0000-779bcadcd000 rw-p 00000000 00:00 0 
779bcadcd000-779bcadd1000 ---p 00000000 00:00 0 
779bcadd1000-779bcaece000 rw-p 00000000 00:00 0 
779bcaece000-779bcaed2000 ---p 00000000 00:00 0 
779bcaed2000-779bcafcf000 rw-p 00000000 00:00 0 
779bcafcf000-779bcafd3000 ---p 00000000 00:00 0 
779bcafd3000-779bcb0d0000 rw-p 00000000 00:00 0 
779bcb0d0000-779bcb408000 r--p 00000000 103:06 2285381                   /usr/lib/locale/locale-archive
779bcb408000-779bcbc08000 rw-p 00000000 00:00 0 
779bcbc0b000-779bcc000000 rw-p 00000000 00:00 0 
779bcc000000-779bcc021000 rw-p 00000000 00:00 0 
779bcc021000-779bd0000000 ---p 00000000 00:00 0 
779bd0000000-779bd0021000 rw-p 00000000 00:00 0 
779bd0021000-779bd4000000 ---p 00000000 00:00 0 
779bd4000000-779bd4100000 rw-p 00000000 00:00 0 
779bd4100000-779bd8000000 ---p 00000000 00:00 0 
779bd8000000-779bd8021000 rw-p 00000000 00:00 0 
779bd8021000-779bdc000000 ---p 00000000 00:00 0 
779bdc000000-779bdc021000 rw-p 00000000 00:00 0 
779bdc021000-779be0000000 ---p 00000000 00:00 0 
779be002f000-779be0033000 r--p 00000000 103:06 5898344                   /usr/lib/jvm/java-15-openjdk/lib/libnet.so
779be0033000-779be0041000 r-xp 00004000 103:06 5898344                   /usr/lib/jvm/java-15-openjdk/lib/libnet.so
779be0041000-779be0045000 r--p 00012000 103:06 5898344                   /usr/lib/jvm/java-15-openjdk/lib/libnet.so
779be0045000-779be0046000 r--p 00015000 103:06 5898344                   /usr/lib/jvm/java-15-openjdk/lib/libnet.so
779be0046000-779be0047000 rw-p 00016000 103:06 5898344                   /usr/lib/jvm/java-15-openjdk/lib/libnet.so
779be0047000-779be004e000 r--p 00000000 103:06 5898346                   /usr/lib/jvm/java-15-openjdk/lib/libnio.so
779be004e000-779be0056000 r-xp 00007000 103:06 5898346                   /usr/lib/jvm/java-15-openjdk/lib/libnio.so
779be0056000-779be005a000 r--p 0000f000 103:06 5898346                   /usr/lib/jvm/java-15-openjdk/lib/libnio.so
779be005a000-779be005b000 ---p 00013000 103:06 5898346                   /usr/lib/jvm/java-15-openjdk/lib/libnio.so
779be005b000-779be005c000 r--p 00013000 103:06 5898346                   /usr/lib/jvm/java-15-openjdk/lib/libnio.so
779be005c000-779be005d000 rw-p 00014000 103:06 5898346                   /usr/lib/jvm/java-15-openjdk/lib/libnio.so
779be005d000-779be0061000 ---p 00000000 00:00 0 
779be0061000-779be015e000 rw-p 00000000 00:00 0 
779be015e000-779be0162000 ---p 00000000 00:00 0 
779be0162000-779be025f000 rw-p 00000000 00:00 0 
779be025f000-779be0260000 ---p 00000000 00:00 0 
779be0260000-779be04e0000 rw-p 00000000 00:00 0 
779be04e0000-779be04e1000 ---p 00000000 00:00 0 
779be04e1000-779be05e2000 rw-p 00000000 00:00 0 
779be05e2000-779be05e3000 ---p 00000000 00:00 0 
779be05e3000-779be30ee000 rw-p 00000000 00:00 0 
779be30ee000-779be30ef000 ---p 00000000 00:00 0 
779be30ef000-779bf17ff000 rw-p 00000000 00:00 0 
779bf17ff000-77bb881ff000 ---p 00000000 00:00 0 
77bb881ff000-77bb917ff000 rw-p 00000000 00:00 0 
77bb917ff000-77db281ff000 ---p 00000000 00:00 0 
77db281ff000-77db2959f000 rw-p 00000000 00:00 0 
77db2959f000-77df1c2df000 ---p 00000000 00:00 0 
77df1c2df000-77df1d59f000 rw-p 00000000 00:00 0 
77df1d59f000-77e3102df000 ---p 00000000 00:00 0 
77e3102df000-77e31159f000 rw-p 00000000 00:00 0 
77e31159f000-77e7042df000 ---p 00000000 00:00 0 
77e7042df000-77e968000000 rw-p 00000000 00:00 0 
77ee18000000-7fcf10000000 ---p 00000000 00:00 0 
7fcf10000000-7fcf14000000 rw-p 00000000 00:00 0 
7fcf14007000-7fcf14009000 r--p 00000000 103:06 5898358                   /usr/lib/jvm/java-15-openjdk/lib/libzip.so
7fcf14009000-7fcf1400d000 r-xp 00002000 103:06 5898358                   /usr/lib/jvm/java-15-openjdk/lib/libzip.so
7fcf1400d000-7fcf1400f000 r--p 00006000 103:06 5898358                   /usr/lib/jvm/java-15-openjdk/lib/libzip.so
7fcf1400f000-7fcf14010000 r--p 00007000 103:06 5898358                   /usr/lib/jvm/java-15-openjdk/lib/libzip.so
7fcf14010000-7fcf14011000 rw-p 00008000 103:06 5898358                   /usr/lib/jvm/java-15-openjdk/lib/libzip.so
7fcf14011000-7fcf140ad000 rw-p 00000000 00:00 0 
7fcf140ad000-7fcf140ae000 ---p 00000000 00:00 0 
7fcf140ae000-7fcf141af000 rw-p 00000000 00:00 0 
7fcf141af000-7fcf141b0000 ---p 00000000 00:00 0 
7fcf141b0000-7fcf14b9a000 rw-p 00000000 00:00 0 
7fcf14b9a000-7fcf14e0a000 rwxp 00000000 00:00 0 
7fcf14e0a000-7fcf1512c000 ---p 00000000 00:00 0 
7fcf1512c000-7fcf1539c000 rwxp 00000000 00:00 0 
7fcf1539c000-7fcf1c663000 ---p 00000000 00:00 0 
7fcf1c663000-7fcf1c8d3000 rwxp 00000000 00:00 0 
7fcf1c8d3000-7fcf23b9a000 ---p 00000000 00:00 0 
7fcf23b9a000-7fcf2c000000 r--s 00000000 103:06 5898359                   /usr/lib/jvm/java-15-openjdk/lib/modules
7fcf2c000000-7fcf2c3a9000 rw-p 00000000 00:00 0 
7fcf2c3a9000-7fcf30000000 ---p 00000000 00:00 0 
7fcf30000000-7fcf31080000 rw-p 00000000 00:00 0 
7fcf31080000-7fcf31166000 ---p 00000000 00:00 0 
7fcf31166000-7fcf3116b000 rw-p 00000000 00:00 0 
7fcf3116b000-7fcf31251000 ---p 00000000 00:00 0 
7fcf31251000-7fcf31254000 r--p 00000000 103:06 2231697                   /usr/lib/libnss_files-2.33.so
7fcf31254000-7fcf3125b000 r-xp 00003000 103:06 2231697                   /usr/lib/libnss_files-2.33.so
7fcf3125b000-7fcf3125d000 r--p 0000a000 103:06 2231697                   /usr/lib/libnss_files-2.33.so
7fcf3125d000-7fcf3125e000 r--p 0000b000 103:06 2231697                   /usr/lib/libnss_files-2.33.so
7fcf3125e000-7fcf3125f000 rw-p 0000c000 103:06 2231697                   /usr/lib/libnss_files-2.33.so
7fcf3125f000-7fcf31265000 rw-p 00000000 00:00 0 
7fcf31268000-7fcf31269000 r--p 00000000 103:06 5898308                   /usr/lib/jvm/java-15-openjdk/lib/libextnet.so
7fcf31269000-7fcf3126a000 r-xp 00001000 103:06 5898308                   /usr/lib/jvm/java-15-openjdk/lib/libextnet.so
7fcf3126a000-7fcf3126b000 r--p 00002000 103:06 5898308                   /usr/lib/jvm/java-15-openjdk/lib/libextnet.so
7fcf3126b000-7fcf3126c000 r--p 00002000 103:06 5898308                   /usr/lib/jvm/java-15-openjdk/lib/libextnet.so
7fcf3126c000-7fcf3126d000 rw-p 00003000 103:06 5898308                   /usr/lib/jvm/java-15-openjdk/lib/libextnet.so
7fcf3126d000-7fcf31272000 rw-p 00000000 00:00 0 
7fcf31272000-7fcf31279000 ---p 00000000 00:00 0 
7fcf31279000-7fcf31281000 rw-s 00000000 00:2e 148                        /tmp/hsperfdata_james/25613
7fcf31281000-7fcf3128e000 r--p 00000000 103:06 5898322                   /usr/lib/jvm/java-15-openjdk/lib/libjava.so
7fcf3128e000-7fcf312a0000 r-xp 0000d000 103:06 5898322                   /usr/lib/jvm/java-15-openjdk/lib/libjava.so
7fcf312a0000-7fcf312a6000 r--p 0001f000 103:06 5898322                   /usr/lib/jvm/java-15-openjdk/lib/libjava.so
7fcf312a6000-7fcf312a7000 r--p 00024000 103:06 5898322                   /usr/lib/jvm/java-15-openjdk/lib/libjava.so
7fcf312a7000-7fcf312a8000 rw-p 00025000 103:06 5898322                   /usr/lib/jvm/java-15-openjdk/lib/libjava.so
7fcf312a8000-7fcf312a9000 rw-p 00000000 00:00 0 
7fcf312a9000-7fcf312ad000 ---p 00000000 00:00 0 
7fcf312ad000-7fcf313aa000 rw-p 00000000 00:00 0 
7fcf313aa000-7fcf313ad000 r--p 00000000 103:06 2232446                   /usr/lib/libgcc_s.so.1
7fcf313ad000-7fcf313be000 r-xp 00003000 103:06 2232446                   /usr/lib/libgcc_s.so.1
7fcf313be000-7fcf313c2000 r--p 00014000 103:06 2232446                   /usr/lib/libgcc_s.so.1
7fcf313c2000-7fcf313c3000 r--p 00017000 103:06 2232446                   /usr/lib/libgcc_s.so.1
7fcf313c3000-7fcf313c4000 rw-p 00018000 103:06 2232446                   /usr/lib/libgcc_s.so.1
7fcf313c4000-7fcf313d3000 r--p 00000000 103:06 2231673                   /usr/lib/libm-2.33.so
7fcf313d3000-7fcf3146e000 r-xp 0000f000 103:06 2231673                   /usr/lib/libm-2.33.so
7fcf3146e000-7fcf31506000 r--p 000aa000 103:06 2231673                   /usr/lib/libm-2.33.so
7fcf31506000-7fcf31507000 ---p 00142000 103:06 2231673                   /usr/lib/libm-2.33.so
7fcf31507000-7fcf31508000 r--p 00142000 103:06 2231673                   /usr/lib/libm-2.33.so
7fcf31508000-7fcf31509000 rw-p 00143000 103:06 2231673                   /usr/lib/libm-2.33.so
7fcf31509000-7fcf3159f000 r--p 00000000 103:06 2232478                   /usr/lib/libstdc++.so.6.0.28
7fcf3159f000-7fcf3168b000 r-xp 00096000 103:06 2232478                   /usr/lib/libstdc++.so.6.0.28
7fcf3168b000-7fcf316d4000 r--p 00182000 103:06 2232478                   /usr/lib/libstdc++.so.6.0.28
7fcf316d4000-7fcf316d5000 ---p 001cb000 103:06 2232478                   /usr/lib/libstdc++.so.6.0.28
7fcf316d5000-7fcf316e2000 r--p 001cb000 103:06 2232478                   /usr/lib/libstdc++.so.6.0.28
7fcf316e2000-7fcf316e3000 rw-p 001d8000 103:06 2232478                   /usr/lib/libstdc++.so.6.0.28
7fcf316e3000-7fcf316e6000 rw-p 00000000 00:00 0 
7fcf316e6000-7fcf318f4000 r--p 00000000 103:06 5898372                   /usr/lib/jvm/java-15-openjdk/lib/server/libjvm.so
7fcf318f4000-7fcf32577000 r-xp 0020e000 103:06 5898372                   /usr/lib/jvm/java-15-openjdk/lib/server/libjvm.so
7fcf32577000-7fcf327ce000 r--p 00e91000 103:06 5898372                   /usr/lib/jvm/java-15-openjdk/lib/server/libjvm.so
7fcf327ce000-7fcf327cf000 ---p 010e8000 103:06 5898372                   /usr/lib/jvm/java-15-openjdk/lib/server/libjvm.so
7fcf327cf000-7fcf3286b000 r--p 010e8000 103:06 5898372                   /usr/lib/jvm/java-15-openjdk/lib/server/libjvm.so
7fcf3286b000-7fcf328a4000 rw-p 01184000 103:06 5898372                   /usr/lib/jvm/java-15-openjdk/lib/server/libjvm.so
7fcf328a4000-7fcf3292e000 rw-p 00000000 00:00 0 
7fcf3292e000-7fcf32935000 r--p 00000000 103:06 2231706                   /usr/lib/libpthread-2.33.so
7fcf32935000-7fcf32944000 r-xp 00007000 103:06 2231706                   /usr/lib/libpthread-2.33.so
7fcf32944000-7fcf32949000 r--p 00016000 103:06 2231706                   /usr/lib/libpthread-2.33.so
7fcf32949000-7fcf3294a000 r--p 0001a000 103:06 2231706                   /usr/lib/libpthread-2.33.so
7fcf3294a000-7fcf3294b000 rw-p 0001b000 103:06 2231706                   /usr/lib/libpthread-2.33.so
7fcf3294b000-7fcf3294f000 rw-p 00000000 00:00 0 
7fcf3294f000-7fcf32951000 r--p 00000000 103:06 2231665                   /usr/lib/libdl-2.33.so
7fcf32951000-7fcf32953000 r-xp 00002000 103:06 2231665                   /usr/lib/libdl-2.33.so
7fcf32953000-7fcf32954000 r--p 00004000 103:06 2231665                   /usr/lib/libdl-2.33.so
7fcf32954000-7fcf32955000 r--p 00004000 103:06 2231665                   /usr/lib/libdl-2.33.so
7fcf32955000-7fcf32956000 rw-p 00005000 103:06 2231665                   /usr/lib/libdl-2.33.so
7fcf32956000-7fcf32959000 r--p 00000000 103:06 2241450                   /usr/lib/libz.so.1.2.11
7fcf32959000-7fcf32967000 r-xp 00003000 103:06 2241450                   /usr/lib/libz.so.1.2.11
7fcf32967000-7fcf3296d000 r--p 00011000 103:06 2241450                   /usr/lib/libz.so.1.2.11
7fcf3296d000-7fcf3296e000 ---p 00017000 103:06 2241450                   /usr/lib/libz.so.1.2.11
7fcf3296e000-7fcf3296f000 r--p 00017000 103:06 2241450                   /usr/lib/libz.so.1.2.11
7fcf3296f000-7fcf32970000 rw-p 00018000 103:06 2241450                   /usr/lib/libz.so.1.2.11
7fcf32970000-7fcf32996000 r--p 00000000 103:06 2231657                   /usr/lib/libc-2.33.so
7fcf32996000-7fcf32ae2000 r-xp 00026000 103:06 2231657                   /usr/lib/libc-2.33.so
7fcf32ae2000-7fcf32b2e000 r--p 00172000 103:06 2231657                   /usr/lib/libc-2.33.so
7fcf32b2e000-7fcf32b31000 r--p 001bd000 103:06 2231657                   /usr/lib/libc-2.33.so
7fcf32b31000-7fcf32b34000 rw-p 001c0000 103:06 2231657                   /usr/lib/libc-2.33.so
7fcf32b34000-7fcf32b3d000 rw-p 00000000 00:00 0 
7fcf32b41000-7fcf32b43000 r--p 00000000 103:06 5898312                   /usr/lib/jvm/java-15-openjdk/lib/libinstrument.so
7fcf32b43000-7fcf32b49000 r-xp 00002000 103:06 5898312                   /usr/lib/jvm/java-15-openjdk/lib/libinstrument.so
7fcf32b49000-7fcf32b4c000 r--p 00008000 103:06 5898312                   /usr/lib/jvm/java-15-openjdk/lib/libinstrument.so
7fcf32b4c000-7fcf32b4d000 r--p 0000a000 103:06 5898312                   /usr/lib/jvm/java-15-openjdk/lib/libinstrument.so
7fcf32b4d000-7fcf32b4e000 rw-p 0000b000 103:06 5898312                   /usr/lib/jvm/java-15-openjdk/lib/libinstrument.so
7fcf32b4e000-7fcf32b4f000 ---p 00000000 00:00 0 
7fcf32b4f000-7fcf32b50000 r--p 00000000 00:00 0 
7fcf32b50000-7fcf32b52000 r--p 00000000 103:06 5898328                   /usr/lib/jvm/java-15-openjdk/lib/libjimage.so
7fcf32b52000-7fcf32b55000 r-xp 00002000 103:06 5898328                   /usr/lib/jvm/java-15-openjdk/lib/libjimage.so
7fcf32b55000-7fcf32b56000 r--p 00005000 103:06 5898328                   /usr/lib/jvm/java-15-openjdk/lib/libjimage.so
7fcf32b56000-7fcf32b57000 ---p 00006000 103:06 5898328                   /usr/lib/jvm/java-15-openjdk/lib/libjimage.so
7fcf32b57000-7fcf32b58000 r--p 00006000 103:06 5898328                   /usr/lib/jvm/java-15-openjdk/lib/libjimage.so
7fcf32b58000-7fcf32b59000 rw-p 00007000 103:06 5898328                   /usr/lib/jvm/java-15-openjdk/lib/libjimage.so
7fcf32b59000-7fcf32b5c000 r--p 00000000 103:06 5898330                   /usr/lib/jvm/java-15-openjdk/lib/libjli.so
7fcf32b5c000-7fcf32b66000 r-xp 00003000 103:06 5898330                   /usr/lib/jvm/java-15-openjdk/lib/libjli.so
7fcf32b66000-7fcf32b69000 r--p 0000d000 103:06 5898330                   /usr/lib/jvm/java-15-openjdk/lib/libjli.so
7fcf32b69000-7fcf32b6a000 ---p 00010000 103:06 5898330                   /usr/lib/jvm/java-15-openjdk/lib/libjli.so
7fcf32b6a000-7fcf32b6b000 r--p 00010000 103:06 5898330                   /usr/lib/jvm/java-15-openjdk/lib/libjli.so
7fcf32b6b000-7fcf32b6c000 rw-p 00011000 103:06 5898330                   /usr/lib/jvm/java-15-openjdk/lib/libjli.so
7fcf32b6c000-7fcf32b6e000 rw-p 00000000 00:00 0 
7fcf32b6e000-7fcf32b6f000 r--p 00000000 103:06 2231645                   /usr/lib/ld-2.33.so
7fcf32b6f000-7fcf32b93000 r-xp 00001000 103:06 2231645                   /usr/lib/ld-2.33.so
7fcf32b93000-7fcf32b9c000 r--p 00025000 103:06 2231645                   /usr/lib/ld-2.33.so
7fcf32b9c000-7fcf32b9d000 ---p 00000000 00:00 0 
7fcf32b9d000-7fcf32b9f000 r--p 0002e000 103:06 2231645                   /usr/lib/ld-2.33.so
7fcf32b9f000-7fcf32ba1000 rw-p 00030000 103:06 2231645                   /usr/lib/ld-2.33.so
7fff46527000-7fff46548000 rw-p 00000000 00:00 0                          [stack]
7fff465c7000-7fff465cb000 r--p 00000000 00:00 0                          [vvar]
7fff465cb000-7fff465cd000 r-xp 00000000 00:00 0                          [vdso]
ffffffffff600000-ffffffffff601000 --xp 00000000 00:00 0                  [vsyscall]


VM Arguments:
jvm_args: -Xmx8096g -javaagent:/usr/share/idea/lib/idea_rt.jar=38047:/usr/share/idea/bin -Dfile.encoding=UTF-8 
java_command: Controller
java_class_path (initial): /home/james/IdeaProjects/hashcode-pizza/out/production/hashcode-pizza
Launcher Type: SUN_STANDARD

[Global flags]
     intx CICompilerCount                          = 4                                         {product} {ergonomic}
     uint ConcGCThreads                            = 3                                         {product} {ergonomic}
     uint G1ConcRefinementThreads                  = 10                                        {product} {ergonomic}
   size_t G1HeapRegionSize                         = 33554432                                  {product} {ergonomic}
    uintx GCDrainStackTargetSize                   = 64                                        {product} {ergonomic}
   size_t InitialHeapSize                          = 268435456                                 {product} {ergonomic}
   size_t MarkStackSize                            = 4194304                                   {product} {ergonomic}
   size_t MaxHeapSize                              = 8693013807104                             {product} {command line}
   size_t MaxNewSize                               = 5215801573376                             {product} {ergonomic}
   size_t MinHeapDeltaBytes                        = 33554432                                  {product} {ergonomic}
   size_t MinHeapSize                              = 33554432                                  {product} {ergonomic}
    uintx NonNMethodCodeHeapSize                   = 5839372                                {pd product} {ergonomic}
    uintx NonProfiledCodeHeapSize                  = 122909434                              {pd product} {ergonomic}
    uintx ProfiledCodeHeapSize                     = 122909434                              {pd product} {ergonomic}
    uintx ReservedCodeCacheSize                    = 251658240                              {pd product} {ergonomic}
     bool SegmentedCodeCache                       = true                                      {product} {ergonomic}
   size_t SoftMaxHeapSize                          = 8693013807104                          {manageable} {ergonomic}
     bool UseCompressedClassPointers               = true                                 {lp64_product} {ergonomic}
     bool UseG1GC                                  = true                                      {product} {ergonomic}

Logging:
Log output configuration:
 #0: stdout all=warning uptime,level,tags
 #1: stderr all=off uptime,level,tags

Environment Variables:
PATH=/usr/local/sbin:/usr/local/bin:/usr/bin:/usr/lib/jvm/default/bin:/usr/bin/site_perl:/usr/bin/vendor_perl:/usr/bin/core_perl
SHELL=/bin/bash
DISPLAY=:0
LANG=en_ZA.UTF-8

Signal Handlers:
SIGSEGV: [libjvm.so+0xe15e30], sa_mask[0]=11111111011111111101111111111110, sa_flags=SA_RESTART|SA_SIGINFO
SIGBUS: [libjvm.so+0xe15e30], sa_mask[0]=11111111011111111101111111111110, sa_flags=SA_RESTART|SA_SIGINFO
SIGFPE: [libjvm.so+0xe15e30], sa_mask[0]=11111111011111111101111111111110, sa_flags=SA_RESTART|SA_SIGINFO
SIGPIPE: [libjvm.so+0xb69980], sa_mask[0]=11111111011111111101111111111110, sa_flags=SA_RESTART|SA_SIGINFO
SIGXFSZ: [libjvm.so+0xb69980], sa_mask[0]=11111111011111111101111111111110, sa_flags=SA_RESTART|SA_SIGINFO
SIGILL: [libjvm.so+0xe15e30], sa_mask[0]=11111111011111111101111111111110, sa_flags=SA_RESTART|SA_SIGINFO
SIGUSR2: [libjvm.so+0xb69810], sa_mask[0]=00100000000000000000000000000000, sa_flags=SA_RESTART|SA_SIGINFO
SIGHUP: [libjvm.so+0xb6a1b0], sa_mask[0]=11111111011111111101111111111110, sa_flags=SA_RESTART|SA_SIGINFO
SIGINT: [libjvm.so+0xb6a1b0], sa_mask[0]=11111111011111111101111111111110, sa_flags=SA_RESTART|SA_SIGINFO
SIGTERM: [libjvm.so+0xb6a1b0], sa_mask[0]=11111111011111111101111111111110, sa_flags=SA_RESTART|SA_SIGINFO
SIGQUIT: [libjvm.so+0xb6a1b0], sa_mask[0]=11111111011111111101111111111110, sa_flags=SA_RESTART|SA_SIGINFO


---------------  S Y S T E M  ---------------

OS:
LSB_VERSION=1.4
DISTRIB_ID=Arch
DISTRIB_RELEASE=rolling
DISTRIB_DESCRIPTION="Arch Linux"
uname: Linux 5.10.16-zen1-1-zen #1 ZEN SMP PREEMPT Sat, 13 Feb 2021 20:51:02 +0000 x86_64
OS uptime: 0 days 1:22 hours
libc: glibc 2.33 NPTL 2.33 
rlimit (soft/hard): STACK 8192k/infinity , CORE infinity/infinity , NPROC 63386/63386 , NOFILE 524288/524288 , AS infinity/infinity , CPU infinity/infinity , DATA infinity/infinity , FSIZE infinity/infinity , MEMLOCK 64k/64k
load average: 0.56 0.55 0.55

/proc/meminfo:
MemTotal:       16241968 kB
MemFree:         3742544 kB
MemAvailable:    4981928 kB
Buffers:           79880 kB
Cached:          2286892 kB
SwapCached:            0 kB
Active:           995856 kB
Inactive:       10393520 kB
Active(anon):       3952 kB
Inactive(anon):  9901232 kB
Active(file):     991904 kB
Inactive(file):   492288 kB
Unevictable:      589068 kB
Mlocked:               0 kB
SwapTotal:             0 kB
SwapFree:              0 kB
Dirty:              2296 kB
Writeback:             0 kB
AnonPages:       9570468 kB
Mapped:          1025412 kB
Shmem:            889876 kB
KReclaimable:      99248 kB
Slab:             200616 kB
SReclaimable:      99248 kB
SUnreclaim:       101368 kB
KernelStack:       17968 kB
PageTables:        49516 kB
NFS_Unstable:          0 kB
Bounce:                0 kB
WritebackTmp:          0 kB
CommitLimit:     8120984 kB
Committed_AS:   20585288 kB
VmallocTotal:   34359738367 kB
VmallocUsed:       80500 kB
VmallocChunk:          0 kB
Percpu:             7808 kB
HardwareCorrupted:     0 kB
AnonHugePages:   6844416 kB
ShmemHugePages:        0 kB
ShmemPmdMapped:        0 kB
FileHugePages:         0 kB
FilePmdMapped:         0 kB
CmaTotal:              0 kB
CmaFree:               0 kB
HugePages_Total:       0
HugePages_Free:        0
HugePages_Rsvd:        0
HugePages_Surp:        0
Hugepagesize:       2048 kB
Hugetlb:               0 kB
DirectMap4k:      303904 kB
DirectMap2M:    12132352 kB
DirectMap1G:     4194304 kB

/sys/kernel/mm/transparent_hugepage/enabled: [always] madvise never
/sys/kernel/mm/transparent_hugepage/defrag (defrag/compaction efforts parameter): always defer [defer+madvise] madvise never

/proc/sys/kernel/threads-max (system-wide limit on the number of threads): 126773
/proc/sys/vm/max_map_count (maximum number of memory map areas a process may have): 65530
/proc/sys/kernel/pid_max (system-wide limit on number of process identifiers): 4194304

container (cgroup) information:
container_type: cgroupv1
cpu_cpuset_cpus: 0-11
cpu_memory_nodes: 0
active_processor_count: 12
cpu_quota: no quota
cpu_period: 100000
cpu_shares: no shares
memory_limit_in_bytes: unlimited
memory_and_swap_limit_in_bytes: unlimited
memory_soft_limit_in_bytes: unlimited
memory_usage_in_bytes: 10309693440
memory_max_usage_in_bytes: 13365895168

Steal ticks since vm start: 0
Steal ticks percentage since vm start:  0.000

CPU: total 12 (initial active 12) (6 cores per cpu, 2 threads per core) family 6 model 158 stepping 10 microcode 0xb4, cmov, cx8, fxsr, mmx, sse, sse2, sse3, ssse3, sse4.1, sse4.2, popcnt, vzeroupper, avx, avx2, aes, clmul, erms, 3dnowpref, lzcnt, ht, tsc, tscinvbit, bmi1, bmi2, adx, fma, clflush, clflushopt
CPU Model and flags from /proc/cpuinfo:
model name	: Intel(R) Core(TM) i7-9750H CPU @ 2.60GHz
flags		: fpu vme de pse tsc msr pae mce cx8 apic sep mtrr pge mca cmov pat pse36 clflush dts acpi mmx fxsr sse sse2 ss ht tm pbe syscall nx pdpe1gb rdtscp lm constant_tsc art arch_perfmon pebs bts rep_good nopl xtopology nonstop_tsc cpuid aperfmperf pni pclmulqdq dtes64 monitor ds_cpl vmx est tm2 ssse3 sdbg fma cx16 xtpr pdcm pcid sse4_1 sse4_2 x2apic movbe popcnt tsc_deadline_timer aes xsave avx f16c rdrand lahf_lm abm 3dnowprefetch cpuid_fault epb invpcid_single pti ssbd ibrs ibpb stibp tpr_shadow vnmi flexpriority ept vpid ept_ad fsgsbase tsc_adjust bmi1 avx2 smep bmi2 erms invpcid mpx rdseed adx smap clflushopt intel_pt xsaveopt xsavec xgetbv1 xsaves dtherm ida arat pln pts hwp hwp_notify hwp_act_window hwp_epp md_clear flush_l1d

Online cpus: 0-11
Offline cpus: 
BIOS frequency limitation: <Not Available>
Frequency switch latency (ns): 0
Available cpu frequencies: <Not Available>
Current governor: powersave
Core performance/turbo boost: <Not Available>

Memory: 4k page, physical 16241968k(3742544k free), swap 0k(0k free)

vm_info: OpenJDK 64-Bit Server VM (15.0.2+7) for linux-amd64 JRE (15.0.2+7), built on Jan 30 2021 00:52:18 by "builduser" with gcc 10.2.0

END.
